[ 2016-09-24T00:16:12+08:00 ] 127.0.0.1 /index.php?c=detail&a=comments
INFO: [ app_init ] --START--
INFO: Run Behavior\BuildLiteBehavior [ RunTime:0.000000s ]
INFO: [ app_init ] --END-- [ RunTime:0.045003s ]
INFO: [ app_begin ] --START--
INFO: Run Behavior\ReadHtmlCacheBehavior [ RunTime:0.025001s ]
INFO: [ app_begin ] --END-- [ RunTime:0.025001s ]
NOTIC: [2048] Declaration of Home\Controller\CommonController::error() should be compatible with that of Think\Controller::error() E:\WWW\project\Application\Home\Controller\CommonController.class.php 第 25 行.
SQL: SHOW COLUMNS FROM `cms_comments` [ RunTime:0.2320s ]
NOTIC: 建议使用E方法替代throw_exception

[ 2016-09-24T00:16:12+08:00 ] 127.0.0.1 /index.php?c=detail&a=comments
INFO: [ app_init ] --START--
INFO: Run Behavior\BuildLiteBehavior [ RunTime:0.000000s ]
INFO: [ app_init ] --END-- [ RunTime:0.059003s ]
INFO: [ app_begin ] --START--
INFO: Run Behavior\ReadHtmlCacheBehavior [ RunTime:0.009000s ]
INFO: [ app_begin ] --END-- [ RunTime:0.009000s ]
NOTIC: [2048] Declaration of Home\Controller\CommonController::error() should be compatible with that of Think\Controller::error() E:\WWW\project\Application\Home\Controller\CommonController.class.php 第 25 行.
SQL: SHOW COLUMNS FROM `cms_comments` [ RunTime:0.0180s ]
NOTIC: 建议使用E方法替代throw_exception

[ 2016-09-24T00:16:12+08:00 ] 127.0.0.1 /index.php?c=detail&a=comments
INFO: [ app_init ] --START--
INFO: Run Behavior\BuildLiteBehavior [ RunTime:0.000000s ]
INFO: [ app_init ] --END-- [ RunTime:0.046003s ]
INFO: [ app_begin ] --START--
INFO: Run Behavior\ReadHtmlCacheBehavior [ RunTime:0.001000s ]
INFO: [ app_begin ] --END-- [ RunTime:0.002000s ]
NOTIC: [2048] Declaration of Home\Controller\CommonController::error() should be compatible with that of Think\Controller::error() E:\WWW\project\Application\Home\Controller\CommonController.class.php 第 25 行.
SQL: SHOW COLUMNS FROM `cms_comments` [ RunTime:0.0160s ]
NOTIC: 建议使用E方法替代throw_exception

[ 2016-09-24T00:16:12+08:00 ] 127.0.0.1 /index.php?c=detail&a=comments
INFO: [ app_init ] --START--
INFO: Run Behavior\BuildLiteBehavior [ RunTime:0.000000s ]
INFO: [ app_init ] --END-- [ RunTime:0.002000s ]
INFO: [ app_begin ] --START--
INFO: Run Behavior\ReadHtmlCacheBehavior [ RunTime:0.023001s ]
INFO: [ app_begin ] --END-- [ RunTime:0.023001s ]
NOTIC: [2048] Declaration of Home\Controller\CommonController::error() should be compatible with that of Think\Controller::error() E:\WWW\project\Application\Home\Controller\CommonController.class.php 第 25 行.
SQL: SHOW COLUMNS FROM `cms_comments` [ RunTime:0.0070s ]
NOTIC: 建议使用E方法替代throw_exception

[ 2016-09-24T00:16:12+08:00 ] 127.0.0.1 /index.php?c=detail&a=comments
INFO: [ app_init ] --START--
INFO: Run Behavior\BuildLiteBehavior [ RunTime:0.000000s ]
INFO: [ app_init ] --END-- [ RunTime:0.045003s ]
INFO: [ app_begin ] --START--
INFO: Run Behavior\ReadHtmlCacheBehavior [ RunTime:0.004000s ]
INFO: [ app_begin ] --END-- [ RunTime:0.004000s ]
NOTIC: [2048] Declaration of Home\Controller\CommonController::error() should be compatible with that of Think\Controller::error() E:\WWW\project\Application\Home\Controller\CommonController.class.php 第 25 行.
SQL: SHOW COLUMNS FROM `cms_comments` [ RunTime:0.0110s ]
NOTIC: 建议使用E方法替代throw_exception

[ 2016-09-24T00:16:12+08:00 ] 127.0.0.1 /index.php?c=detail&a=comments
INFO: [ app_init ] --START--
INFO: Run Behavior\BuildLiteBehavior [ RunTime:0.000000s ]
INFO: [ app_init ] --END-- [ RunTime:0.008001s ]
INFO: [ app_begin ] --START--
INFO: Run Behavior\ReadHtmlCacheBehavior [ RunTime:0.018001s ]
INFO: [ app_begin ] --END-- [ RunTime:0.018001s ]
NOTIC: [2048] Declaration of Home\Controller\CommonController::error() should be compatible with that of Think\Controller::error() E:\WWW\project\Application\Home\Controller\CommonController.class.php 第 25 行.
SQL: SHOW COLUMNS FROM `cms_comments` [ RunTime:0.0160s ]
NOTIC: 建议使用E方法替代throw_exception

[ 2016-09-24T00:16:12+08:00 ] 127.0.0.1 /index.php?c=detail&a=comments
INFO: [ app_init ] --START--
INFO: Run Behavior\BuildLiteBehavior [ RunTime:0.000000s ]
INFO: [ app_init ] --END-- [ RunTime:0.001000s ]
INFO: [ app_begin ] --START--
INFO: Run Behavior\ReadHtmlCacheBehavior [ RunTime:0.002000s ]
INFO: [ app_begin ] --END-- [ RunTime:0.002000s ]
NOTIC: [2048] Declaration of Home\Controller\CommonController::error() should be compatible with that of Think\Controller::error() E:\WWW\project\Application\Home\Controller\CommonController.class.php 第 25 行.
SQL: SHOW COLUMNS FROM `cms_comments` [ RunTime:0.0090s ]
NOTIC: 建议使用E方法替代throw_exception

[ 2016-09-24T00:16:13+08:00 ] 127.0.0.1 /index.php?c=detail&a=comments
INFO: [ app_init ] --START--
INFO: Run Behavior\BuildLiteBehavior [ RunTime:0.000000s ]
INFO: [ app_init ] --END-- [ RunTime:0.001000s ]
INFO: [ app_begin ] --START--
INFO: Run Behavior\ReadHtmlCacheBehavior [ RunTime:0.002001s ]
INFO: [ app_begin ] --END-- [ RunTime:0.002001s ]
NOTIC: [2048] Declaration of Home\Controller\CommonController::error() should be compatible with that of Think\Controller::error() E:\WWW\project\Application\Home\Controller\CommonController.class.php 第 25 行.
SQL: SHOW COLUMNS FROM `cms_comments` [ RunTime:0.0080s ]
NOTIC: 建议使用E方法替代throw_exception

[ 2016-09-24T00:16:13+08:00 ] 127.0.0.1 /index.php?c=detail&a=comments
INFO: [ app_init ] --START--
INFO: Run Behavior\BuildLiteBehavior [ RunTime:0.000000s ]
INFO: [ app_init ] --END-- [ RunTime:0.002000s ]
INFO: [ app_begin ] --START--
INFO: Run Behavior\ReadHtmlCacheBehavior [ RunTime:0.002000s ]
INFO: [ app_begin ] --END-- [ RunTime:0.002000s ]
NOTIC: [2048] Declaration of Home\Controller\CommonController::error() should be compatible with that of Think\Controller::error() E:\WWW\project\Application\Home\Controller\CommonController.class.php 第 25 行.
SQL: SHOW COLUMNS FROM `cms_comments` [ RunTime:0.0080s ]
NOTIC: 建议使用E方法替代throw_exception

[ 2016-09-24T00:16:13+08:00 ] 127.0.0.1 /index.php?c=detail&a=comments
INFO: [ app_init ] --START--
INFO: Run Behavior\BuildLiteBehavior [ RunTime:0.000000s ]
INFO: [ app_init ] --END-- [ RunTime:0.001001s ]
INFO: [ app_begin ] --START--
INFO: Run Behavior\ReadHtmlCacheBehavior [ RunTime:0.001000s ]
INFO: [ app_begin ] --END-- [ RunTime:0.002000s ]
NOTIC: [2048] Declaration of Home\Controller\CommonController::error() should be compatible with that of Think\Controller::error() E:\WWW\project\Application\Home\Controller\CommonController.class.php 第 25 行.
SQL: SHOW COLUMNS FROM `cms_comments` [ RunTime:0.0100s ]
NOTIC: 建议使用E方法替代throw_exception

[ 2016-09-24T00:16:13+08:00 ] 127.0.0.1 /index.php?c=detail&a=comments
INFO: [ app_init ] --START--
INFO: Run Behavior\BuildLiteBehavior [ RunTime:0.000000s ]
INFO: [ app_init ] --END-- [ RunTime:0.001000s ]
INFO: [ app_begin ] --START--
INFO: Run Behavior\ReadHtmlCacheBehavior [ RunTime:0.002000s ]
INFO: [ app_begin ] --END-- [ RunTime:0.003000s ]
NOTIC: [2048] Declaration of Home\Controller\CommonController::error() should be compatible with that of Think\Controller::error() E:\WWW\project\Application\Home\Controller\CommonController.class.php 第 25 行.
SQL: SHOW COLUMNS FROM `cms_comments` [ RunTime:0.0120s ]
NOTIC: 建议使用E方法替代throw_exception

[ 2016-09-24T00:16:13+08:00 ] 127.0.0.1 /index.php?c=detail&a=comments
INFO: [ app_init ] --START--
INFO: Run Behavior\BuildLiteBehavior [ RunTime:0.000000s ]
INFO: [ app_init ] --END-- [ RunTime:0.001000s ]
INFO: [ app_begin ] --START--
INFO: Run Behavior\ReadHtmlCacheBehavior [ RunTime:0.003000s ]
INFO: [ app_begin ] --END-- [ RunTime:0.004000s ]
NOTIC: [2048] Declaration of Home\Controller\CommonController::error() should be compatible with that of Think\Controller::error() E:\WWW\project\Application\Home\Controller\CommonController.class.php 第 25 行.
SQL: SHOW COLUMNS FROM `cms_comments` [ RunTime:0.0100s ]
NOTIC: 建议使用E方法替代throw_exception

[ 2016-09-24T00:16:13+08:00 ] 127.0.0.1 /index.php?c=detail&a=comments
INFO: [ app_init ] --START--
INFO: Run Behavior\BuildLiteBehavior [ RunTime:0.000000s ]
INFO: [ app_init ] --END-- [ RunTime:0.001000s ]
INFO: [ app_begin ] --START--
INFO: Run Behavior\ReadHtmlCacheBehavior [ RunTime:0.002000s ]
INFO: [ app_begin ] --END-- [ RunTime:0.002000s ]
NOTIC: [2048] Declaration of Home\Controller\CommonController::error() should be compatible with that of Think\Controller::error() E:\WWW\project\Application\Home\Controller\CommonController.class.php 第 25 行.
SQL: SHOW COLUMNS FROM `cms_comments` [ RunTime:0.0090s ]
NOTIC: 建议使用E方法替代throw_exception

[ 2016-09-24T00:16:13+08:00 ] 127.0.0.1 /index.php?c=detail&a=comments
INFO: [ app_init ] --START--
INFO: Run Behavior\BuildLiteBehavior [ RunTime:0.000000s ]
INFO: [ app_init ] --END-- [ RunTime:0.001000s ]
INFO: [ app_begin ] --START--
INFO: Run Behavior\ReadHtmlCacheBehavior [ RunTime:0.002000s ]
INFO: [ app_begin ] --END-- [ RunTime:0.003000s ]
NOTIC: [2048] Declaration of Home\Controller\CommonController::error() should be compatible with that of Think\Controller::error() E:\WWW\project\Application\Home\Controller\CommonController.class.php 第 25 行.
SQL: SHOW COLUMNS FROM `cms_comments` [ RunTime:0.0090s ]
NOTIC: 建议使用E方法替代throw_exception

[ 2016-09-24T00:16:13+08:00 ] 127.0.0.1 /index.php?c=detail&a=comments
INFO: [ app_init ] --START--
INFO: Run Behavior\BuildLiteBehavior [ RunTime:0.000000s ]
INFO: [ app_init ] --END-- [ RunTime:0.000000s ]
INFO: [ app_begin ] --START--
INFO: Run Behavior\ReadHtmlCacheBehavior [ RunTime:0.002000s ]
INFO: [ app_begin ] --END-- [ RunTime:0.002000s ]
NOTIC: [2048] Declaration of Home\Controller\CommonController::error() should be compatible with that of Think\Controller::error() E:\WWW\project\Application\Home\Controller\CommonController.class.php 第 25 行.
SQL: SHOW COLUMNS FROM `cms_comments` [ RunTime:0.0420s ]
NOTIC: 建议使用E方法替代throw_exception

[ 2016-09-24T00:16:13+08:00 ] 127.0.0.1 /index.php?c=detail&a=comments
INFO: [ app_init ] --START--
INFO: Run Behavior\BuildLiteBehavior [ RunTime:0.001000s ]
INFO: [ app_init ] --END-- [ RunTime:0.002000s ]
INFO: [ app_begin ] --START--
INFO: Run Behavior\ReadHtmlCacheBehavior [ RunTime:0.002000s ]
INFO: [ app_begin ] --END-- [ RunTime:0.003000s ]
NOTIC: [2048] Declaration of Home\Controller\CommonController::error() should be compatible with that of Think\Controller::error() E:\WWW\project\Application\Home\Controller\CommonController.class.php 第 25 行.
SQL: SHOW COLUMNS FROM `cms_comments` [ RunTime:0.0070s ]
NOTIC: 建议使用E方法替代throw_exception

[ 2016-09-24T00:16:13+08:00 ] 127.0.0.1 /index.php?c=detail&a=comments
INFO: [ app_init ] --START--
INFO: Run Behavior\BuildLiteBehavior [ RunTime:0.000000s ]
INFO: [ app_init ] --END-- [ RunTime:0.001000s ]
INFO: [ app_begin ] --START--
INFO: Run Behavior\ReadHtmlCacheBehavior [ RunTime:0.002000s ]
INFO: [ app_begin ] --END-- [ RunTime:0.002000s ]
NOTIC: [2048] Declaration of Home\Controller\CommonController::error() should be compatible with that of Think\Controller::error() E:\WWW\project\Application\Home\Controller\CommonController.class.php 第 25 行.
SQL: SHOW COLUMNS FROM `cms_comments` [ RunTime:0.0060s ]
NOTIC: 建议使用E方法替代throw_exception

[ 2016-09-24T00:16:13+08:00 ] 127.0.0.1 /index.php?c=detail&a=comments
INFO: [ app_init ] --START--
INFO: Run Behavior\BuildLiteBehavior [ RunTime:0.000000s ]
INFO: [ app_init ] --END-- [ RunTime:0.001000s ]
INFO: [ app_begin ] --START--
INFO: Run Behavior\ReadHtmlCacheBehavior [ RunTime:0.002001s ]
INFO: [ app_begin ] --END-- [ RunTime:0.002001s ]
NOTIC: [2048] Declaration of Home\Controller\CommonController::error() should be compatible with that of Think\Controller::error() E:\WWW\project\Application\Home\Controller\CommonController.class.php 第 25 行.
SQL: SHOW COLUMNS FROM `cms_comments` [ RunTime:0.0070s ]
NOTIC: 建议使用E方法替代throw_exception

[ 2016-09-24T00:16:48+08:00 ] 127.0.0.1 /index.php?c=detail&id=21
INFO: [ app_init ] --START--
INFO: Run Behavior\BuildLiteBehavior [ RunTime:0.000000s ]
INFO: [ app_init ] --END-- [ RunTime:0.001000s ]
INFO: [ app_begin ] --START--
INFO: Run Behavior\ReadHtmlCacheBehavior [ RunTime:0.003000s ]
INFO: [ app_begin ] --END-- [ RunTime:0.003000s ]
NOTIC: [2048] Declaration of Home\Controller\CommonController::error() should be compatible with that of Think\Controller::error() E:\WWW\project\Application\Home\Controller\CommonController.class.php 第 25 行.
NOTIC: [2048] Declaration of Common\Model\NewsModel::find() should be compatible with that of Think\Model::find() E:\WWW\project\Application\Common\Model\NewsModel.class.php 第 7 行.
SQL: SHOW COLUMNS FROM `cms_news` [ RunTime:0.4600s ]
SQL: SELECT * FROM `cms_news` WHERE ( news_id=21 ) LIMIT 1   [ RunTime:0.1240s ]
SQL: UPDATE `cms_news` SET `count`='56' WHERE ( news_id=21 ) [ RunTime:0.7850s ]
NOTIC: [2048] Declaration of Common\Model\NewsContentModel::find() should be compatible with that of Think\Model::find() E:\WWW\project\Application\Common\Model\NewsContentModel.class.php 第 42 行.
SQL: SHOW COLUMNS FROM `cms_news_content` [ RunTime:0.1750s ]
SQL: SELECT * FROM `cms_news_content` WHERE ( news_id=21 ) LIMIT 1   [ RunTime:0.2510s ]
NOTIC: [2048] Declaration of Common\Model\PositioncontentModel::find() should be compatible with that of Think\Model::find() E:\WWW\project\Application\Common\Model\PositioncontentModel.class.php 第 75 行.
SQL: SHOW COLUMNS FROM `cms_position_content` [ RunTime:0.0850s ]
NOTIC: [8] Undefined index: title E:\WWW\project\Application\Common\Model\PositioncontentModel.class.php 第 15 行.
SQL: SELECT * FROM `cms_position_content` WHERE `status` = 1 AND `position_id` = 5 ORDER BY listorder desc,id desc LIMIT 2   [ RunTime:0.2330s ]
SQL: SELECT * FROM `cms_news` WHERE `status` = 1 ORDER BY count desc,news_id desc LIMIT 10   [ RunTime:0.0270s ]
SQL: SHOW COLUMNS FROM `cms_comments` [ RunTime:0.0070s ]
SQL: SELECT * FROM `cms_comments` WHERE ( news_id=21 ) ORDER BY addtime desc LIMIT 3   [ RunTime:0.0010s ]
NOTIC: [8] Undefined index: id E:\WWW\project\Application\Home\Controller\DetailController.class.php 第 26 行.
INFO: [ view_parse ] --START--
INFO: [ template_filter ] --START--
INFO: Run Behavior\ContentReplaceBehavior [ RunTime:0.000000s ]
INFO: [ template_filter ] --END-- [ RunTime:0.000000s ]
NOTIC: [2048] Declaration of Common\Model\BasicModel::save() should be compatible with that of Think\Model::save() E:\WWW\project\Application\Common\Model\BasicModel.class.php 第 19 行.
NOTIC: [2048] Declaration of Common\Model\BasicModel::select() should be compatible with that of Think\Model::select() E:\WWW\project\Application\Common\Model\BasicModel.class.php 第 19 行.
NOTIC: [2048] Declaration of Common\Model\MenuModel::find() should be compatible with that of Think\Model::find() E:\WWW\project\Application\Common\Model\MenuModel.class.php 第 102 行.
SQL: SHOW COLUMNS FROM `cms_menu` [ RunTime:0.0170s ]
SQL: SELECT * FROM `cms_menu` WHERE `status` = 1 AND `type` = 0 ORDER BY listorder desc,menu_id desc  [ RunTime:0.0560s ]
NOTIC: [8] Use of undefined constant comments - assumed 'comments' E:\WWW\project\Application\Runtime\Cache\Home\0d75cb75cd30b13fdd4834afd69acb19.php 第 43 行.
NOTIC: [8] Use of undefined constant comments - assumed 'comments' E:\WWW\project\Application\Runtime\Cache\Home\0d75cb75cd30b13fdd4834afd69acb19.php 第 43 行.
NOTIC: [8] Undefined index: name E:\WWW\project\Application\Runtime\Cache\Home\0d75cb75cd30b13fdd4834afd69acb19.php 第 90 行.
INFO: Run Behavior\ParseTemplateBehavior [ RunTime:1.268073s ]
INFO: [ view_parse ] --END-- [ RunTime:1.268073s ]
INFO: [ view_filter ] --START--
INFO: Run Behavior\WriteHtmlCacheBehavior [ RunTime:0.012000s ]
INFO: [ view_filter ] --END-- [ RunTime:0.013000s ]
INFO: [ app_end ] --START--
INFO: Run Behavior\ShowPageTraceBehavior [ RunTime:0.015000s ]
INFO: [ app_end ] --END-- [ RunTime:0.016000s ]

[ 2016-09-24T00:17:13+08:00 ] 127.0.0.1 /index.php?c=detail&a=comments
INFO: [ app_init ] --START--
INFO: Run Behavior\BuildLiteBehavior [ RunTime:0.000000s ]
INFO: [ app_init ] --END-- [ RunTime:0.005001s ]
INFO: [ app_begin ] --START--
INFO: Run Behavior\ReadHtmlCacheBehavior [ RunTime:0.002000s ]
INFO: [ app_begin ] --END-- [ RunTime:0.002000s ]
NOTIC: [2048] Declaration of Home\Controller\CommonController::error() should be compatible with that of Think\Controller::error() E:\WWW\project\Application\Home\Controller\CommonController.class.php 第 25 行.

[ 2016-09-24T00:17:23+08:00 ] 127.0.0.1 /index.php?c=detail&a=comments
INFO: [ app_init ] --START--
INFO: Run Behavior\BuildLiteBehavior [ RunTime:0.000000s ]
INFO: [ app_init ] --END-- [ RunTime:0.001000s ]
INFO: [ app_begin ] --START--
INFO: Run Behavior\ReadHtmlCacheBehavior [ RunTime:0.003000s ]
INFO: [ app_begin ] --END-- [ RunTime:0.003000s ]
NOTIC: [2048] Declaration of Home\Controller\CommonController::error() should be compatible with that of Think\Controller::error() E:\WWW\project\Application\Home\Controller\CommonController.class.php 第 25 行.

[ 2016-09-24T00:17:48+08:00 ] 127.0.0.1 /index.php?c=detail&a=comments
INFO: [ app_init ] --START--
INFO: Run Behavior\BuildLiteBehavior [ RunTime:0.000000s ]
INFO: [ app_init ] --END-- [ RunTime:0.001000s ]
INFO: [ app_begin ] --START--
INFO: Run Behavior\ReadHtmlCacheBehavior [ RunTime:0.002000s ]
INFO: [ app_begin ] --END-- [ RunTime:0.002000s ]
NOTIC: [2048] Declaration of Home\Controller\CommonController::error() should be compatible with that of Think\Controller::error() E:\WWW\project\Application\Home\Controller\CommonController.class.php 第 25 行.
SQL: SHOW COLUMNS FROM `cms_comments` [ RunTime:0.0080s ]
NOTIC: 建议使用E方法替代throw_exception

[ 2016-09-24T00:17:50+08:00 ] 127.0.0.1 /index.php?c=detail&a=comments
INFO: [ app_init ] --START--
INFO: Run Behavior\BuildLiteBehavior [ RunTime:0.000000s ]
INFO: [ app_init ] --END-- [ RunTime:0.001000s ]
INFO: [ app_begin ] --START--
INFO: Run Behavior\ReadHtmlCacheBehavior [ RunTime:0.001000s ]
INFO: [ app_begin ] --END-- [ RunTime:0.001000s ]
NOTIC: [2048] Declaration of Home\Controller\CommonController::error() should be compatible with that of Think\Controller::error() E:\WWW\project\Application\Home\Controller\CommonController.class.php 第 25 行.
SQL: SHOW COLUMNS FROM `cms_comments` [ RunTime:0.0120s ]
NOTIC: 建议使用E方法替代throw_exception

[ 2016-09-24T00:17:54+08:00 ] 127.0.0.1 /index.php?c=detail&id=24
INFO: [ app_init ] --START--
INFO: Run Behavior\BuildLiteBehavior [ RunTime:0.000000s ]
INFO: [ app_init ] --END-- [ RunTime:0.001000s ]
INFO: [ app_begin ] --START--
INFO: Run Behavior\ReadHtmlCacheBehavior [ RunTime:0.002000s ]
INFO: [ app_begin ] --END-- [ RunTime:0.002000s ]
NOTIC: [2048] Declaration of Home\Controller\CommonController::error() should be compatible with that of Think\Controller::error() E:\WWW\project\Application\Home\Controller\CommonController.class.php 第 25 行.
NOTIC: [2048] Declaration of Common\Model\NewsModel::find() should be compatible with that of Think\Model::find() E:\WWW\project\Application\Common\Model\NewsModel.class.php 第 7 行.
SQL: SHOW COLUMNS FROM `cms_news` [ RunTime:0.0120s ]
SQL: SELECT * FROM `cms_news` WHERE ( news_id=24 ) LIMIT 1   [ RunTime:0.0020s ]
SQL: UPDATE `cms_news` SET `count`='30' WHERE ( news_id=24 ) [ RunTime:0.0110s ]
NOTIC: [2048] Declaration of Common\Model\NewsContentModel::find() should be compatible with that of Think\Model::find() E:\WWW\project\Application\Common\Model\NewsContentModel.class.php 第 42 行.
SQL: SHOW COLUMNS FROM `cms_news_content` [ RunTime:0.0070s ]
SQL: SELECT * FROM `cms_news_content` WHERE ( news_id=24 ) LIMIT 1   [ RunTime:0.0630s ]
NOTIC: [2048] Declaration of Common\Model\PositioncontentModel::find() should be compatible with that of Think\Model::find() E:\WWW\project\Application\Common\Model\PositioncontentModel.class.php 第 75 行.
SQL: SHOW COLUMNS FROM `cms_position_content` [ RunTime:0.0150s ]
NOTIC: [8] Undefined index: title E:\WWW\project\Application\Common\Model\PositioncontentModel.class.php 第 15 行.
SQL: SELECT * FROM `cms_position_content` WHERE `status` = 1 AND `position_id` = 5 ORDER BY listorder desc,id desc LIMIT 2   [ RunTime:0.0000s ]
SQL: SELECT * FROM `cms_news` WHERE `status` = 1 ORDER BY count desc,news_id desc LIMIT 10   [ RunTime:0.0010s ]
SQL: SHOW COLUMNS FROM `cms_comments` [ RunTime:0.0070s ]
SQL: SELECT * FROM `cms_comments` WHERE ( news_id=24 ) ORDER BY addtime desc LIMIT 3   [ RunTime:0.0100s ]
NOTIC: [8] Undefined index: id E:\WWW\project\Application\Home\Controller\DetailController.class.php 第 26 行.
INFO: [ view_parse ] --START--
INFO: [ template_filter ] --START--
INFO: Run Behavior\ContentReplaceBehavior [ RunTime:0.000000s ]
INFO: [ template_filter ] --END-- [ RunTime:0.001000s ]
NOTIC: [2048] Declaration of Common\Model\BasicModel::save() should be compatible with that of Think\Model::save() E:\WWW\project\Application\Common\Model\BasicModel.class.php 第 19 行.
NOTIC: [2048] Declaration of Common\Model\BasicModel::select() should be compatible with that of Think\Model::select() E:\WWW\project\Application\Common\Model\BasicModel.class.php 第 19 行.
NOTIC: [2048] Declaration of Common\Model\MenuModel::find() should be compatible with that of Think\Model::find() E:\WWW\project\Application\Common\Model\MenuModel.class.php 第 102 行.
SQL: SHOW COLUMNS FROM `cms_menu` [ RunTime:0.0090s ]
SQL: SELECT * FROM `cms_menu` WHERE `status` = 1 AND `type` = 0 ORDER BY listorder desc,menu_id desc  [ RunTime:0.0010s ]
NOTIC: [8] Use of undefined constant comments - assumed 'comments' E:\WWW\project\Application\Runtime\Cache\Home\0d75cb75cd30b13fdd4834afd69acb19.php 第 43 行.
NOTIC: [8] Use of undefined constant comments - assumed 'comments' E:\WWW\project\Application\Runtime\Cache\Home\0d75cb75cd30b13fdd4834afd69acb19.php 第 43 行.
NOTIC: [8] Undefined index: name E:\WWW\project\Application\Runtime\Cache\Home\0d75cb75cd30b13fdd4834afd69acb19.php 第 90 行.
INFO: Run Behavior\ParseTemplateBehavior [ RunTime:0.056003s ]
INFO: [ view_parse ] --END-- [ RunTime:0.056003s ]
INFO: [ view_filter ] --START--
INFO: Run Behavior\WriteHtmlCacheBehavior [ RunTime:0.001000s ]
INFO: [ view_filter ] --END-- [ RunTime:0.001000s ]
INFO: [ app_end ] --START--
INFO: Run Behavior\ShowPageTraceBehavior [ RunTime:0.003001s ]
INFO: [ app_end ] --END-- [ RunTime:0.003001s ]

[ 2016-09-24T00:18:07+08:00 ] 127.0.0.1 /index.php?c=detail&a=comments
INFO: [ app_init ] --START--
INFO: Run Behavior\BuildLiteBehavior [ RunTime:0.000000s ]
INFO: [ app_init ] --END-- [ RunTime:0.016001s ]
INFO: [ app_begin ] --START--
INFO: Run Behavior\ReadHtmlCacheBehavior [ RunTime:0.006001s ]
INFO: [ app_begin ] --END-- [ RunTime:0.006001s ]
NOTIC: [2048] Declaration of Home\Controller\CommonController::error() should be compatible with that of Think\Controller::error() E:\WWW\project\Application\Home\Controller\CommonController.class.php 第 25 行.

[ 2016-09-24T00:19:38+08:00 ] 127.0.0.1 /index.php?c=detail&id=24
INFO: [ app_init ] --START--
INFO: Run Behavior\BuildLiteBehavior [ RunTime:0.000000s ]
INFO: [ app_init ] --END-- [ RunTime:0.002000s ]
INFO: [ app_begin ] --START--
INFO: Run Behavior\ReadHtmlCacheBehavior [ RunTime:0.001000s ]
INFO: [ app_begin ] --END-- [ RunTime:0.001000s ]
NOTIC: [2048] Declaration of Home\Controller\CommonController::error() should be compatible with that of Think\Controller::error() E:\WWW\project\Application\Home\Controller\CommonController.class.php 第 25 行.
NOTIC: [2048] Declaration of Common\Model\NewsModel::find() should be compatible with that of Think\Model::find() E:\WWW\project\Application\Common\Model\NewsModel.class.php 第 7 行.
SQL: SHOW COLUMNS FROM `cms_news` [ RunTime:0.0070s ]
SQL: SELECT * FROM `cms_news` WHERE ( news_id=24 ) LIMIT 1   [ RunTime:0.0010s ]
SQL: UPDATE `cms_news` SET `count`='31' WHERE ( news_id=24 ) [ RunTime:0.0010s ]
NOTIC: [2048] Declaration of Common\Model\NewsContentModel::find() should be compatible with that of Think\Model::find() E:\WWW\project\Application\Common\Model\NewsContentModel.class.php 第 42 行.
SQL: SHOW COLUMNS FROM `cms_news_content` [ RunTime:0.0070s ]
SQL: SELECT * FROM `cms_news_content` WHERE ( news_id=24 ) LIMIT 1   [ RunTime:0.0000s ]
NOTIC: [2048] Declaration of Common\Model\PositioncontentModel::find() should be compatible with that of Think\Model::find() E:\WWW\project\Application\Common\Model\PositioncontentModel.class.php 第 75 行.
SQL: SHOW COLUMNS FROM `cms_position_content` [ RunTime:0.0090s ]
NOTIC: [8] Undefined index: title E:\WWW\project\Application\Common\Model\PositioncontentModel.class.php 第 15 行.
SQL: SELECT * FROM `cms_position_content` WHERE `status` = 1 AND `position_id` = 5 ORDER BY listorder desc,id desc LIMIT 2   [ RunTime:0.0000s ]
SQL: SELECT * FROM `cms_news` WHERE `status` = 1 ORDER BY count desc,news_id desc LIMIT 10   [ RunTime:0.0000s ]
SQL: SHOW COLUMNS FROM `cms_comments` [ RunTime:0.0060s ]
SQL: SELECT * FROM `cms_comments` WHERE ( news_id=24 ) ORDER BY addtime desc LIMIT 3   [ RunTime:0.0020s ]
NOTIC: [8] Undefined index: id E:\WWW\project\Application\Home\Controller\DetailController.class.php 第 26 行.
INFO: [ view_parse ] --START--
INFO: [ template_filter ] --START--
INFO: Run Behavior\ContentReplaceBehavior [ RunTime:0.000000s ]
INFO: [ template_filter ] --END-- [ RunTime:0.001000s ]
NOTIC: [2048] Declaration of Common\Model\BasicModel::save() should be compatible with that of Think\Model::save() E:\WWW\project\Application\Common\Model\BasicModel.class.php 第 19 行.
NOTIC: [2048] Declaration of Common\Model\BasicModel::select() should be compatible with that of Think\Model::select() E:\WWW\project\Application\Common\Model\BasicModel.class.php 第 19 行.
NOTIC: [2048] Declaration of Common\Model\MenuModel::find() should be compatible with that of Think\Model::find() E:\WWW\project\Application\Common\Model\MenuModel.class.php 第 102 行.
SQL: SHOW COLUMNS FROM `cms_menu` [ RunTime:0.0090s ]
SQL: SELECT * FROM `cms_menu` WHERE `status` = 1 AND `type` = 0 ORDER BY listorder desc,menu_id desc  [ RunTime:0.0010s ]
NOTIC: [8] Use of undefined constant comments - assumed 'comments' E:\WWW\project\Application\Runtime\Cache\Home\0d75cb75cd30b13fdd4834afd69acb19.php 第 43 行.
NOTIC: [8] Use of undefined constant comments - assumed 'comments' E:\WWW\project\Application\Runtime\Cache\Home\0d75cb75cd30b13fdd4834afd69acb19.php 第 43 行.
NOTIC: [8] Undefined index: name E:\WWW\project\Application\Runtime\Cache\Home\0d75cb75cd30b13fdd4834afd69acb19.php 第 90 行.
INFO: Run Behavior\ParseTemplateBehavior [ RunTime:0.089005s ]
INFO: [ view_parse ] --END-- [ RunTime:0.089005s ]
INFO: [ view_filter ] --START--
INFO: Run Behavior\WriteHtmlCacheBehavior [ RunTime:0.003000s ]
INFO: [ view_filter ] --END-- [ RunTime:0.004000s ]
INFO: [ app_end ] --START--
INFO: Run Behavior\ShowPageTraceBehavior [ RunTime:0.002000s ]
INFO: [ app_end ] --END-- [ RunTime:0.002000s ]

[ 2016-09-24T00:19:47+08:00 ] 127.0.0.1 /index.php?c=detail&a=comments
INFO: [ app_init ] --START--
INFO: Run Behavior\BuildLiteBehavior [ RunTime:0.000000s ]
INFO: [ app_init ] --END-- [ RunTime:0.009001s ]
INFO: [ app_begin ] --START--
INFO: Run Behavior\ReadHtmlCacheBehavior [ RunTime:0.002000s ]
INFO: [ app_begin ] --END-- [ RunTime:0.003000s ]
NOTIC: [2048] Declaration of Home\Controller\CommonController::error() should be compatible with that of Think\Controller::error() E:\WWW\project\Application\Home\Controller\CommonController.class.php 第 25 行.

[ 2016-09-24T00:20:19+08:00 ] 127.0.0.1 /index.php?c=detail&a=comments
INFO: [ app_init ] --START--
INFO: Run Behavior\BuildLiteBehavior [ RunTime:0.000000s ]
INFO: [ app_init ] --END-- [ RunTime:0.001000s ]
INFO: [ app_begin ] --START--
INFO: Run Behavior\ReadHtmlCacheBehavior [ RunTime:0.002000s ]
INFO: [ app_begin ] --END-- [ RunTime:0.002000s ]
NOTIC: [2048] Declaration of Home\Controller\CommonController::error() should be compatible with that of Think\Controller::error() E:\WWW\project\Application\Home\Controller\CommonController.class.php 第 25 行.

[ 2016-09-24T00:20:22+08:00 ] 127.0.0.1 /index.php?c=detail&a=comments
INFO: [ app_init ] --START--
INFO: Run Behavior\BuildLiteBehavior [ RunTime:0.000000s ]
INFO: [ app_init ] --END-- [ RunTime:0.001000s ]
INFO: [ app_begin ] --START--
INFO: Run Behavior\ReadHtmlCacheBehavior [ RunTime:0.001000s ]
INFO: [ app_begin ] --END-- [ RunTime:0.001000s ]
NOTIC: [2048] Declaration of Home\Controller\CommonController::error() should be compatible with that of Think\Controller::error() E:\WWW\project\Application\Home\Controller\CommonController.class.php 第 25 行.

[ 2016-09-24T00:20:30+08:00 ] 127.0.0.1 /index.php?c=detail&a=comments
INFO: [ app_init ] --START--
INFO: Run Behavior\BuildLiteBehavior [ RunTime:0.000000s ]
INFO: [ app_init ] --END-- [ RunTime:0.001000s ]
INFO: [ app_begin ] --START--
INFO: Run Behavior\ReadHtmlCacheBehavior [ RunTime:0.001000s ]
INFO: [ app_begin ] --END-- [ RunTime:0.002000s ]
NOTIC: [2048] Declaration of Home\Controller\CommonController::error() should be compatible with that of Think\Controller::error() E:\WWW\project\Application\Home\Controller\CommonController.class.php 第 25 行.

[ 2016-09-24T00:21:36+08:00 ] 127.0.0.1 /index.php?c=detail&id=24
INFO: [ app_init ] --START--
INFO: Run Behavior\BuildLiteBehavior [ RunTime:0.000000s ]
INFO: [ app_init ] --END-- [ RunTime:0.001000s ]
INFO: [ app_begin ] --START--
INFO: Run Behavior\ReadHtmlCacheBehavior [ RunTime:0.001000s ]
INFO: [ app_begin ] --END-- [ RunTime:0.001000s ]
NOTIC: [2048] Declaration of Home\Controller\CommonController::error() should be compatible with that of Think\Controller::error() E:\WWW\project\Application\Home\Controller\CommonController.class.php 第 25 行.
NOTIC: [2048] Declaration of Common\Model\NewsModel::find() should be compatible with that of Think\Model::find() E:\WWW\project\Application\Common\Model\NewsModel.class.php 第 7 行.
SQL: SHOW COLUMNS FROM `cms_news` [ RunTime:0.0100s ]
SQL: SELECT * FROM `cms_news` WHERE ( news_id=24 ) LIMIT 1   [ RunTime:0.0010s ]
SQL: UPDATE `cms_news` SET `count`='32' WHERE ( news_id=24 ) [ RunTime:0.0010s ]
NOTIC: [2048] Declaration of Common\Model\NewsContentModel::find() should be compatible with that of Think\Model::find() E:\WWW\project\Application\Common\Model\NewsContentModel.class.php 第 42 行.
SQL: SHOW COLUMNS FROM `cms_news_content` [ RunTime:0.0100s ]
SQL: SELECT * FROM `cms_news_content` WHERE ( news_id=24 ) LIMIT 1   [ RunTime:0.0010s ]
NOTIC: [2048] Declaration of Common\Model\PositioncontentModel::find() should be compatible with that of Think\Model::find() E:\WWW\project\Application\Common\Model\PositioncontentModel.class.php 第 75 行.
SQL: SHOW COLUMNS FROM `cms_position_content` [ RunTime:0.0110s ]
NOTIC: [8] Undefined index: title E:\WWW\project\Application\Common\Model\PositioncontentModel.class.php 第 15 行.
SQL: SELECT * FROM `cms_position_content` WHERE `status` = 1 AND `position_id` = 5 ORDER BY listorder desc,id desc LIMIT 2   [ RunTime:0.0010s ]
SQL: SELECT * FROM `cms_news` WHERE `status` = 1 ORDER BY count desc,news_id desc LIMIT 10   [ RunTime:0.0020s ]
SQL: SHOW COLUMNS FROM `cms_comments` [ RunTime:0.0100s ]
SQL: SELECT * FROM `cms_comments` WHERE ( news_id=24 ) ORDER BY addtime desc LIMIT 3   [ RunTime:0.0000s ]
NOTIC: [8] Undefined index: id E:\WWW\project\Application\Home\Controller\DetailController.class.php 第 26 行.
INFO: [ view_parse ] --START--
INFO: [ template_filter ] --START--
INFO: Run Behavior\ContentReplaceBehavior [ RunTime:0.000000s ]
INFO: [ template_filter ] --END-- [ RunTime:0.001001s ]
NOTIC: [2048] Declaration of Common\Model\BasicModel::save() should be compatible with that of Think\Model::save() E:\WWW\project\Application\Common\Model\BasicModel.class.php 第 19 行.
NOTIC: [2048] Declaration of Common\Model\BasicModel::select() should be compatible with that of Think\Model::select() E:\WWW\project\Application\Common\Model\BasicModel.class.php 第 19 行.
NOTIC: [2048] Declaration of Common\Model\MenuModel::find() should be compatible with that of Think\Model::find() E:\WWW\project\Application\Common\Model\MenuModel.class.php 第 102 行.
SQL: SHOW COLUMNS FROM `cms_menu` [ RunTime:0.0100s ]
SQL: SELECT * FROM `cms_menu` WHERE `status` = 1 AND `type` = 0 ORDER BY listorder desc,menu_id desc  [ RunTime:0.0010s ]
NOTIC: [8] Use of undefined constant comments - assumed 'comments' E:\WWW\project\Application\Runtime\Cache\Home\0d75cb75cd30b13fdd4834afd69acb19.php 第 43 行.
NOTIC: [8] Use of undefined constant comments - assumed 'comments' E:\WWW\project\Application\Runtime\Cache\Home\0d75cb75cd30b13fdd4834afd69acb19.php 第 43 行.
NOTIC: [8] Undefined index: name E:\WWW\project\Application\Runtime\Cache\Home\0d75cb75cd30b13fdd4834afd69acb19.php 第 90 行.
INFO: Run Behavior\ParseTemplateBehavior [ RunTime:0.087005s ]
INFO: [ view_parse ] --END-- [ RunTime:0.087005s ]
INFO: [ view_filter ] --START--
INFO: Run Behavior\WriteHtmlCacheBehavior [ RunTime:0.001000s ]
INFO: [ view_filter ] --END-- [ RunTime:0.003000s ]
INFO: [ app_end ] --START--
INFO: Run Behavior\ShowPageTraceBehavior [ RunTime:0.003000s ]
INFO: [ app_end ] --END-- [ RunTime:0.003000s ]

[ 2016-09-24T00:21:45+08:00 ] 127.0.0.1 /index.php?c=detail&a=comments
INFO: [ app_init ] --START--
INFO: Run Behavior\BuildLiteBehavior [ RunTime:0.000000s ]
INFO: [ app_init ] --END-- [ RunTime:0.001000s ]
INFO: [ app_begin ] --START--
INFO: Run Behavior\ReadHtmlCacheBehavior [ RunTime:0.002000s ]
INFO: [ app_begin ] --END-- [ RunTime:0.003000s ]
NOTIC: [2048] Declaration of Home\Controller\CommonController::error() should be compatible with that of Think\Controller::error() E:\WWW\project\Application\Home\Controller\CommonController.class.php 第 25 行.
SQL: SHOW COLUMNS FROM `cms_comments` [ RunTime:0.0080s ]
NOTIC: 建议使用E方法替代throw_exception

[ 2016-09-24T00:21:52+08:00 ] 127.0.0.1 /index.php?c=detail&a=comments
INFO: [ app_init ] --START--
INFO: Run Behavior\BuildLiteBehavior [ RunTime:0.000000s ]
INFO: [ app_init ] --END-- [ RunTime:0.002000s ]
INFO: [ app_begin ] --START--
INFO: Run Behavior\ReadHtmlCacheBehavior [ RunTime:0.002000s ]
INFO: [ app_begin ] --END-- [ RunTime:0.003000s ]
NOTIC: [2048] Declaration of Home\Controller\CommonController::error() should be compatible with that of Think\Controller::error() E:\WWW\project\Application\Home\Controller\CommonController.class.php 第 25 行.
SQL: SHOW COLUMNS FROM `cms_comments` [ RunTime:0.0080s ]
NOTIC: 建议使用E方法替代throw_exception

[ 2016-09-24T00:22:12+08:00 ] 127.0.0.1 /index.php?c=detail&a=comments
INFO: [ app_init ] --START--
INFO: Run Behavior\BuildLiteBehavior [ RunTime:0.000000s ]
INFO: [ app_init ] --END-- [ RunTime:0.002000s ]
INFO: [ app_begin ] --START--
INFO: Run Behavior\ReadHtmlCacheBehavior [ RunTime:0.001000s ]
INFO: [ app_begin ] --END-- [ RunTime:0.001000s ]
NOTIC: [2048] Declaration of Home\Controller\CommonController::error() should be compatible with that of Think\Controller::error() E:\WWW\project\Application\Home\Controller\CommonController.class.php 第 25 行.
SQL: SHOW COLUMNS FROM `cms_comments` [ RunTime:0.0100s ]
NOTIC: 建议使用E方法替代throw_exception

[ 2016-09-24T00:23:00+08:00 ] 127.0.0.1 /index.php?c=detail&a=comments
INFO: [ app_init ] --START--
INFO: Run Behavior\BuildLiteBehavior [ RunTime:0.000000s ]
INFO: [ app_init ] --END-- [ RunTime:0.001000s ]
INFO: [ app_begin ] --START--
INFO: Run Behavior\ReadHtmlCacheBehavior [ RunTime:0.002000s ]
INFO: [ app_begin ] --END-- [ RunTime:0.002000s ]
NOTIC: [2048] Declaration of Home\Controller\CommonController::error() should be compatible with that of Think\Controller::error() E:\WWW\project\Application\Home\Controller\CommonController.class.php 第 25 行.
SQL: SHOW COLUMNS FROM `cms_comments` [ RunTime:0.0110s ]
NOTIC: 建议使用E方法替代throw_exception

[ 2016-09-24T00:24:11+08:00 ] 127.0.0.1 /index.php?c=detail&a=comments
INFO: [ app_init ] --START--
INFO: Run Behavior\BuildLiteBehavior [ RunTime:0.000000s ]
INFO: [ app_init ] --END-- [ RunTime:0.001000s ]
INFO: [ app_begin ] --START--
INFO: Run Behavior\ReadHtmlCacheBehavior [ RunTime:0.004001s ]
INFO: [ app_begin ] --END-- [ RunTime:0.004001s ]
NOTIC: [2048] Declaration of Home\Controller\CommonController::error() should be compatible with that of Think\Controller::error() E:\WWW\project\Application\Home\Controller\CommonController.class.php 第 25 行.

[ 2016-09-24T00:24:30+08:00 ] 127.0.0.1 /index.php?c=detail&a=comments
INFO: [ app_init ] --START--
INFO: Run Behavior\BuildLiteBehavior [ RunTime:0.000000s ]
INFO: [ app_init ] --END-- [ RunTime:0.001000s ]
INFO: [ app_begin ] --START--
INFO: Run Behavior\ReadHtmlCacheBehavior [ RunTime:0.003000s ]
INFO: [ app_begin ] --END-- [ RunTime:0.004000s ]
NOTIC: [2048] Declaration of Home\Controller\CommonController::error() should be compatible with that of Think\Controller::error() E:\WWW\project\Application\Home\Controller\CommonController.class.php 第 25 行.
SQL: SHOW COLUMNS FROM `cms_comments` [ RunTime:0.0070s ]
SQL: INSERT INTO `cms_comments` (`news_id`,`username`,`addtime`) VALUES ('24','刘浪','1474647870') [ RunTime:0.2200s ]

[ 2016-09-24T00:24:31+08:00 ] 127.0.0.1 /index.php?c=detail&id=24
INFO: [ app_init ] --START--
INFO: Run Behavior\BuildLiteBehavior [ RunTime:0.000000s ]
INFO: [ app_init ] --END-- [ RunTime:0.004000s ]
INFO: [ app_begin ] --START--
INFO: Run Behavior\ReadHtmlCacheBehavior [ RunTime:0.005001s ]
INFO: [ app_begin ] --END-- [ RunTime:0.009001s ]
NOTIC: [2048] Declaration of Home\Controller\CommonController::error() should be compatible with that of Think\Controller::error() E:\WWW\project\Application\Home\Controller\CommonController.class.php 第 25 行.
NOTIC: [2048] Declaration of Common\Model\NewsModel::find() should be compatible with that of Think\Model::find() E:\WWW\project\Application\Common\Model\NewsModel.class.php 第 7 行.
SQL: SHOW COLUMNS FROM `cms_news` [ RunTime:0.0230s ]
SQL: SELECT * FROM `cms_news` WHERE ( news_id=24 ) LIMIT 1   [ RunTime:0.0000s ]
SQL: UPDATE `cms_news` SET `count`='33' WHERE ( news_id=24 ) [ RunTime:0.0000s ]
NOTIC: [2048] Declaration of Common\Model\NewsContentModel::find() should be compatible with that of Think\Model::find() E:\WWW\project\Application\Common\Model\NewsContentModel.class.php 第 42 行.
SQL: SHOW COLUMNS FROM `cms_news_content` [ RunTime:0.0090s ]
SQL: SELECT * FROM `cms_news_content` WHERE ( news_id=24 ) LIMIT 1   [ RunTime:0.0020s ]
NOTIC: [2048] Declaration of Common\Model\PositioncontentModel::find() should be compatible with that of Think\Model::find() E:\WWW\project\Application\Common\Model\PositioncontentModel.class.php 第 75 行.
SQL: SHOW COLUMNS FROM `cms_position_content` [ RunTime:0.0070s ]
NOTIC: [8] Undefined index: title E:\WWW\project\Application\Common\Model\PositioncontentModel.class.php 第 15 行.
SQL: SELECT * FROM `cms_position_content` WHERE `status` = 1 AND `position_id` = 5 ORDER BY listorder desc,id desc LIMIT 2   [ RunTime:0.0000s ]
SQL: SELECT * FROM `cms_news` WHERE `status` = 1 ORDER BY count desc,news_id desc LIMIT 10   [ RunTime:0.0010s ]
SQL: SHOW COLUMNS FROM `cms_comments` [ RunTime:0.0070s ]
SQL: SELECT * FROM `cms_comments` WHERE ( news_id=24 ) ORDER BY addtime desc LIMIT 3   [ RunTime:0.0010s ]
NOTIC: [8] Undefined index: id E:\WWW\project\Application\Home\Controller\DetailController.class.php 第 26 行.
INFO: [ view_parse ] --START--
INFO: [ template_filter ] --START--
INFO: Run Behavior\ContentReplaceBehavior [ RunTime:0.000000s ]
INFO: [ template_filter ] --END-- [ RunTime:0.001000s ]
NOTIC: [2048] Declaration of Common\Model\BasicModel::save() should be compatible with that of Think\Model::save() E:\WWW\project\Application\Common\Model\BasicModel.class.php 第 19 行.
NOTIC: [2048] Declaration of Common\Model\BasicModel::select() should be compatible with that of Think\Model::select() E:\WWW\project\Application\Common\Model\BasicModel.class.php 第 19 行.
NOTIC: [2048] Declaration of Common\Model\MenuModel::find() should be compatible with that of Think\Model::find() E:\WWW\project\Application\Common\Model\MenuModel.class.php 第 102 行.
SQL: SHOW COLUMNS FROM `cms_menu` [ RunTime:0.0070s ]
SQL: SELECT * FROM `cms_menu` WHERE `status` = 1 AND `type` = 0 ORDER BY listorder desc,menu_id desc  [ RunTime:0.0010s ]
NOTIC: [8] Use of undefined constant comments - assumed 'comments' E:\WWW\project\Application\Runtime\Cache\Home\0d75cb75cd30b13fdd4834afd69acb19.php 第 43 行.
NOTIC: [8] Use of undefined constant comments - assumed 'comments' E:\WWW\project\Application\Runtime\Cache\Home\0d75cb75cd30b13fdd4834afd69acb19.php 第 43 行.
NOTIC: [8] Undefined index: name E:\WWW\project\Application\Runtime\Cache\Home\0d75cb75cd30b13fdd4834afd69acb19.php 第 90 行.
INFO: Run Behavior\ParseTemplateBehavior [ RunTime:0.118007s ]
INFO: [ view_parse ] --END-- [ RunTime:0.119007s ]
INFO: [ view_filter ] --START--
INFO: Run Behavior\WriteHtmlCacheBehavior [ RunTime:0.002000s ]
INFO: [ view_filter ] --END-- [ RunTime:0.002000s ]
INFO: [ app_end ] --START--
INFO: Run Behavior\ShowPageTraceBehavior [ RunTime:0.002001s ]
INFO: [ app_end ] --END-- [ RunTime:0.003001s ]

[ 2016-09-24T00:26:10+08:00 ] 127.0.0.1 /index.php?c=detail&id=24
INFO: [ app_init ] --START--
INFO: Run Behavior\BuildLiteBehavior [ RunTime:0.000000s ]
INFO: [ app_init ] --END-- [ RunTime:0.001000s ]
INFO: [ app_begin ] --START--
INFO: Run Behavior\ReadHtmlCacheBehavior [ RunTime:0.001000s ]
INFO: [ app_begin ] --END-- [ RunTime:0.001000s ]
NOTIC: [2048] Declaration of Home\Controller\CommonController::error() should be compatible with that of Think\Controller::error() E:\WWW\project\Application\Home\Controller\CommonController.class.php 第 25 行.
NOTIC: [2048] Declaration of Common\Model\NewsModel::find() should be compatible with that of Think\Model::find() E:\WWW\project\Application\Common\Model\NewsModel.class.php 第 7 行.
SQL: SHOW COLUMNS FROM `cms_news` [ RunTime:0.0100s ]
SQL: SELECT * FROM `cms_news` WHERE ( news_id=24 ) LIMIT 1   [ RunTime:0.0010s ]
SQL: UPDATE `cms_news` SET `count`='34' WHERE ( news_id=24 ) [ RunTime:0.0010s ]
NOTIC: [2048] Declaration of Common\Model\NewsContentModel::find() should be compatible with that of Think\Model::find() E:\WWW\project\Application\Common\Model\NewsContentModel.class.php 第 42 行.
SQL: SHOW COLUMNS FROM `cms_news_content` [ RunTime:0.0100s ]
SQL: SELECT * FROM `cms_news_content` WHERE ( news_id=24 ) LIMIT 1   [ RunTime:0.0010s ]
NOTIC: [2048] Declaration of Common\Model\PositioncontentModel::find() should be compatible with that of Think\Model::find() E:\WWW\project\Application\Common\Model\PositioncontentModel.class.php 第 75 行.
SQL: SHOW COLUMNS FROM `cms_position_content` [ RunTime:0.0070s ]
NOTIC: [8] Undefined index: title E:\WWW\project\Application\Common\Model\PositioncontentModel.class.php 第 15 行.
SQL: SELECT * FROM `cms_position_content` WHERE `status` = 1 AND `position_id` = 5 ORDER BY listorder desc,id desc LIMIT 2   [ RunTime:0.0020s ]
SQL: SELECT * FROM `cms_news` WHERE `status` = 1 ORDER BY count desc,news_id desc LIMIT 10   [ RunTime:0.0020s ]
SQL: SHOW COLUMNS FROM `cms_comments` [ RunTime:0.0310s ]
SQL: SELECT * FROM `cms_comments` WHERE ( news_id=24 ) ORDER BY addtime desc LIMIT 3   [ RunTime:0.0010s ]
NOTIC: [8] Undefined index: id E:\WWW\project\Application\Home\Controller\DetailController.class.php 第 26 行.
INFO: [ view_parse ] --START--
INFO: [ template_filter ] --START--
INFO: Run Behavior\ContentReplaceBehavior [ RunTime:0.000000s ]
INFO: [ template_filter ] --END-- [ RunTime:0.000000s ]
NOTIC: [2048] Declaration of Common\Model\BasicModel::save() should be compatible with that of Think\Model::save() E:\WWW\project\Application\Common\Model\BasicModel.class.php 第 19 行.
NOTIC: [2048] Declaration of Common\Model\BasicModel::select() should be compatible with that of Think\Model::select() E:\WWW\project\Application\Common\Model\BasicModel.class.php 第 19 行.
NOTIC: [2048] Declaration of Common\Model\MenuModel::find() should be compatible with that of Think\Model::find() E:\WWW\project\Application\Common\Model\MenuModel.class.php 第 102 行.
SQL: SHOW COLUMNS FROM `cms_menu` [ RunTime:0.0110s ]
SQL: SELECT * FROM `cms_menu` WHERE `status` = 1 AND `type` = 0 ORDER BY listorder desc,menu_id desc  [ RunTime:0.0010s ]
NOTIC: [8] Use of undefined constant comments - assumed 'comments' E:\WWW\project\Application\Runtime\Cache\Home\0d75cb75cd30b13fdd4834afd69acb19.php 第 43 行.
NOTIC: [8] Use of undefined constant comments - assumed 'comments' E:\WWW\project\Application\Runtime\Cache\Home\0d75cb75cd30b13fdd4834afd69acb19.php 第 43 行.
NOTIC: [8] Undefined index: name E:\WWW\project\Application\Runtime\Cache\Home\0d75cb75cd30b13fdd4834afd69acb19.php 第 90 行.
INFO: Run Behavior\ParseTemplateBehavior [ RunTime:0.052003s ]
INFO: [ view_parse ] --END-- [ RunTime:0.052003s ]
INFO: [ view_filter ] --START--
INFO: Run Behavior\WriteHtmlCacheBehavior [ RunTime:0.001001s ]
INFO: [ view_filter ] --END-- [ RunTime:0.001001s ]
INFO: [ app_end ] --START--
INFO: Run Behavior\ShowPageTraceBehavior [ RunTime:0.002000s ]
INFO: [ app_end ] --END-- [ RunTime:0.002000s ]

[ 2016-09-24T00:26:32+08:00 ] 127.0.0.1 /index.php?c=detail&a=comments
INFO: [ app_init ] --START--
INFO: Run Behavior\BuildLiteBehavior [ RunTime:0.000000s ]
INFO: [ app_init ] --END-- [ RunTime:0.001000s ]
INFO: [ app_begin ] --START--
INFO: Run Behavior\ReadHtmlCacheBehavior [ RunTime:0.001000s ]
INFO: [ app_begin ] --END-- [ RunTime:0.001000s ]
NOTIC: [2048] Declaration of Home\Controller\CommonController::error() should be compatible with that of Think\Controller::error() E:\WWW\project\Application\Home\Controller\CommonController.class.php 第 25 行.
SQL: SHOW COLUMNS FROM `cms_comments` [ RunTime:0.0060s ]
SQL: INSERT INTO `cms_comments` (`news_id`,`username`,`addtime`) VALUES ('24','叶方勇','1474647992') [ RunTime:0.0000s ]

[ 2016-09-24T00:26:34+08:00 ] 127.0.0.1 /index.php?c=detail&id=24
INFO: [ app_init ] --START--
INFO: Run Behavior\BuildLiteBehavior [ RunTime:0.000000s ]
INFO: [ app_init ] --END-- [ RunTime:0.001000s ]
INFO: [ app_begin ] --START--
INFO: Run Behavior\ReadHtmlCacheBehavior [ RunTime:0.002001s ]
INFO: [ app_begin ] --END-- [ RunTime:0.002001s ]
NOTIC: [2048] Declaration of Home\Controller\CommonController::error() should be compatible with that of Think\Controller::error() E:\WWW\project\Application\Home\Controller\CommonController.class.php 第 25 行.
NOTIC: [2048] Declaration of Common\Model\NewsModel::find() should be compatible with that of Think\Model::find() E:\WWW\project\Application\Common\Model\NewsModel.class.php 第 7 行.
SQL: SHOW COLUMNS FROM `cms_news` [ RunTime:0.0180s ]
SQL: SELECT * FROM `cms_news` WHERE ( news_id=24 ) LIMIT 1   [ RunTime:0.0020s ]
SQL: UPDATE `cms_news` SET `count`='35' WHERE ( news_id=24 ) [ RunTime:0.0010s ]
NOTIC: [2048] Declaration of Common\Model\NewsContentModel::find() should be compatible with that of Think\Model::find() E:\WWW\project\Application\Common\Model\NewsContentModel.class.php 第 42 行.
SQL: SHOW COLUMNS FROM `cms_news_content` [ RunTime:0.0380s ]
SQL: SELECT * FROM `cms_news_content` WHERE ( news_id=24 ) LIMIT 1   [ RunTime:0.0010s ]
NOTIC: [2048] Declaration of Common\Model\PositioncontentModel::find() should be compatible with that of Think\Model::find() E:\WWW\project\Application\Common\Model\PositioncontentModel.class.php 第 75 行.
SQL: SHOW COLUMNS FROM `cms_position_content` [ RunTime:0.0110s ]
NOTIC: [8] Undefined index: title E:\WWW\project\Application\Common\Model\PositioncontentModel.class.php 第 15 行.
SQL: SELECT * FROM `cms_position_content` WHERE `status` = 1 AND `position_id` = 5 ORDER BY listorder desc,id desc LIMIT 2   [ RunTime:0.0010s ]
SQL: SELECT * FROM `cms_news` WHERE `status` = 1 ORDER BY count desc,news_id desc LIMIT 10   [ RunTime:0.0010s ]
SQL: SHOW COLUMNS FROM `cms_comments` [ RunTime:0.0100s ]
SQL: SELECT * FROM `cms_comments` WHERE ( news_id=24 ) ORDER BY addtime desc LIMIT 3   [ RunTime:0.0040s ]
NOTIC: [8] Undefined index: id E:\WWW\project\Application\Home\Controller\DetailController.class.php 第 26 行.
INFO: [ view_parse ] --START--
INFO: [ template_filter ] --START--
INFO: Run Behavior\ContentReplaceBehavior [ RunTime:0.000000s ]
INFO: [ template_filter ] --END-- [ RunTime:0.001000s ]
NOTIC: [2048] Declaration of Common\Model\BasicModel::save() should be compatible with that of Think\Model::save() E:\WWW\project\Application\Common\Model\BasicModel.class.php 第 19 行.
NOTIC: [2048] Declaration of Common\Model\BasicModel::select() should be compatible with that of Think\Model::select() E:\WWW\project\Application\Common\Model\BasicModel.class.php 第 19 行.
NOTIC: [2048] Declaration of Common\Model\MenuModel::find() should be compatible with that of Think\Model::find() E:\WWW\project\Application\Common\Model\MenuModel.class.php 第 102 行.
SQL: SHOW COLUMNS FROM `cms_menu` [ RunTime:0.0090s ]
SQL: SELECT * FROM `cms_menu` WHERE `status` = 1 AND `type` = 0 ORDER BY listorder desc,menu_id desc  [ RunTime:0.0000s ]
NOTIC: [8] Use of undefined constant comments - assumed 'comments' E:\WWW\project\Application\Runtime\Cache\Home\0d75cb75cd30b13fdd4834afd69acb19.php 第 43 行.
NOTIC: [8] Use of undefined constant comments - assumed 'comments' E:\WWW\project\Application\Runtime\Cache\Home\0d75cb75cd30b13fdd4834afd69acb19.php 第 43 行.
NOTIC: [8] Undefined index: name E:\WWW\project\Application\Runtime\Cache\Home\0d75cb75cd30b13fdd4834afd69acb19.php 第 90 行.
INFO: Run Behavior\ParseTemplateBehavior [ RunTime:0.064004s ]
INFO: [ view_parse ] --END-- [ RunTime:0.064004s ]
INFO: [ view_filter ] --START--
INFO: Run Behavior\WriteHtmlCacheBehavior [ RunTime:0.002000s ]
INFO: [ view_filter ] --END-- [ RunTime:0.002000s ]
INFO: [ app_end ] --START--
INFO: Run Behavior\ShowPageTraceBehavior [ RunTime:0.003000s ]
INFO: [ app_end ] --END-- [ RunTime:0.003000s ]

[ 2016-09-24T00:29:10+08:00 ] 127.0.0.1 /index.php?c=detail&a=comments
INFO: [ app_init ] --START--
INFO: Run Behavior\BuildLiteBehavior [ RunTime:0.000000s ]
INFO: [ app_init ] --END-- [ RunTime:0.002000s ]
INFO: [ app_begin ] --START--
INFO: Run Behavior\ReadHtmlCacheBehavior [ RunTime:0.002000s ]
INFO: [ app_begin ] --END-- [ RunTime:0.003000s ]
NOTIC: [2048] Declaration of Home\Controller\CommonController::error() should be compatible with that of Think\Controller::error() E:\WWW\project\Application\Home\Controller\CommonController.class.php 第 25 行.

[ 2016-09-24T00:30:14+08:00 ] 127.0.0.1 /index.php?c=detail&a=comments
INFO: [ app_init ] --START--
INFO: Run Behavior\BuildLiteBehavior [ RunTime:0.000000s ]
INFO: [ app_init ] --END-- [ RunTime:0.001000s ]
INFO: [ app_begin ] --START--
INFO: Run Behavior\ReadHtmlCacheBehavior [ RunTime:0.003000s ]
INFO: [ app_begin ] --END-- [ RunTime:0.003000s ]
NOTIC: [2048] Declaration of Home\Controller\CommonController::error() should be compatible with that of Think\Controller::error() E:\WWW\project\Application\Home\Controller\CommonController.class.php 第 25 行.

[ 2016-09-24T00:30:36+08:00 ] 127.0.0.1 /index.php?c=detail&id=24
INFO: [ app_init ] --START--
INFO: Run Behavior\BuildLiteBehavior [ RunTime:0.000000s ]
INFO: [ app_init ] --END-- [ RunTime:0.001000s ]
INFO: [ app_begin ] --START--
INFO: Run Behavior\ReadHtmlCacheBehavior [ RunTime:0.002000s ]
INFO: [ app_begin ] --END-- [ RunTime:0.002000s ]
NOTIC: [2048] Declaration of Home\Controller\CommonController::error() should be compatible with that of Think\Controller::error() E:\WWW\project\Application\Home\Controller\CommonController.class.php 第 25 行.
NOTIC: [2048] Declaration of Common\Model\NewsModel::find() should be compatible with that of Think\Model::find() E:\WWW\project\Application\Common\Model\NewsModel.class.php 第 7 行.
SQL: SHOW COLUMNS FROM `cms_news` [ RunTime:0.0110s ]
SQL: SELECT * FROM `cms_news` WHERE ( news_id=24 ) LIMIT 1   [ RunTime:0.0010s ]
SQL: UPDATE `cms_news` SET `count`='36' WHERE ( news_id=24 ) [ RunTime:0.0000s ]
NOTIC: [2048] Declaration of Common\Model\NewsContentModel::find() should be compatible with that of Think\Model::find() E:\WWW\project\Application\Common\Model\NewsContentModel.class.php 第 42 行.
SQL: SHOW COLUMNS FROM `cms_news_content` [ RunTime:0.0090s ]
SQL: SELECT * FROM `cms_news_content` WHERE ( news_id=24 ) LIMIT 1   [ RunTime:0.0010s ]
NOTIC: [2048] Declaration of Common\Model\PositioncontentModel::find() should be compatible with that of Think\Model::find() E:\WWW\project\Application\Common\Model\PositioncontentModel.class.php 第 75 行.
SQL: SHOW COLUMNS FROM `cms_position_content` [ RunTime:0.0120s ]
NOTIC: [8] Undefined index: title E:\WWW\project\Application\Common\Model\PositioncontentModel.class.php 第 15 行.
SQL: SELECT * FROM `cms_position_content` WHERE `status` = 1 AND `position_id` = 5 ORDER BY listorder desc,id desc LIMIT 2   [ RunTime:0.0010s ]
SQL: SELECT * FROM `cms_news` WHERE `status` = 1 ORDER BY count desc,news_id desc LIMIT 10   [ RunTime:0.0010s ]
SQL: SHOW COLUMNS FROM `cms_comments` [ RunTime:0.0080s ]
SQL: SELECT * FROM `cms_comments` WHERE ( news_id=24 ) ORDER BY addtime desc LIMIT 3   [ RunTime:0.0000s ]
NOTIC: [8] Undefined index: id E:\WWW\project\Application\Home\Controller\DetailController.class.php 第 26 行.
INFO: [ view_parse ] --START--
INFO: [ template_filter ] --START--
INFO: Run Behavior\ContentReplaceBehavior [ RunTime:0.000000s ]
INFO: [ template_filter ] --END-- [ RunTime:0.000000s ]
NOTIC: [2048] Declaration of Common\Model\BasicModel::save() should be compatible with that of Think\Model::save() E:\WWW\project\Application\Common\Model\BasicModel.class.php 第 19 行.
NOTIC: [2048] Declaration of Common\Model\BasicModel::select() should be compatible with that of Think\Model::select() E:\WWW\project\Application\Common\Model\BasicModel.class.php 第 19 行.
NOTIC: [2048] Declaration of Common\Model\MenuModel::find() should be compatible with that of Think\Model::find() E:\WWW\project\Application\Common\Model\MenuModel.class.php 第 102 行.
SQL: SHOW COLUMNS FROM `cms_menu` [ RunTime:0.0120s ]
SQL: SELECT * FROM `cms_menu` WHERE `status` = 1 AND `type` = 0 ORDER BY listorder desc,menu_id desc  [ RunTime:0.0010s ]
NOTIC: [8] Use of undefined constant comments - assumed 'comments' E:\WWW\project\Application\Runtime\Cache\Home\0d75cb75cd30b13fdd4834afd69acb19.php 第 43 行.
NOTIC: [8] Use of undefined constant comments - assumed 'comments' E:\WWW\project\Application\Runtime\Cache\Home\0d75cb75cd30b13fdd4834afd69acb19.php 第 43 行.
NOTIC: [8] Undefined index: name E:\WWW\project\Application\Runtime\Cache\Home\0d75cb75cd30b13fdd4834afd69acb19.php 第 90 行.
INFO: Run Behavior\ParseTemplateBehavior [ RunTime:0.059003s ]
INFO: [ view_parse ] --END-- [ RunTime:0.059003s ]
INFO: [ view_filter ] --START--
INFO: Run Behavior\WriteHtmlCacheBehavior [ RunTime:0.001000s ]
INFO: [ view_filter ] --END-- [ RunTime:0.002000s ]
INFO: [ app_end ] --START--
INFO: Run Behavior\ShowPageTraceBehavior [ RunTime:0.002000s ]
INFO: [ app_end ] --END-- [ RunTime:0.002000s ]

[ 2016-09-24T00:30:52+08:00 ] 127.0.0.1 /index.php?c=detail&a=comments
INFO: [ app_init ] --START--
INFO: Run Behavior\BuildLiteBehavior [ RunTime:0.000000s ]
INFO: [ app_init ] --END-- [ RunTime:0.002000s ]
INFO: [ app_begin ] --START--
INFO: Run Behavior\ReadHtmlCacheBehavior [ RunTime:0.009000s ]
INFO: [ app_begin ] --END-- [ RunTime:0.014000s ]
NOTIC: [2048] Declaration of Home\Controller\CommonController::error() should be compatible with that of Think\Controller::error() E:\WWW\project\Application\Home\Controller\CommonController.class.php 第 25 行.
SQL: SHOW COLUMNS FROM `cms_comments` [ RunTime:0.0100s ]
SQL: INSERT INTO `cms_comments` (`news_id`,`comment`,`username`,`addtime`) VALUES ('24','阿萨德法师打发','122','1474648252') [ RunTime:0.0010s ]

[ 2016-09-24T00:30:53+08:00 ] 127.0.0.1 /index.php?c=detail&id=24
INFO: [ app_init ] --START--
INFO: Run Behavior\BuildLiteBehavior [ RunTime:0.000000s ]
INFO: [ app_init ] --END-- [ RunTime:0.002000s ]
INFO: [ app_begin ] --START--
INFO: Run Behavior\ReadHtmlCacheBehavior [ RunTime:0.001000s ]
INFO: [ app_begin ] --END-- [ RunTime:0.001000s ]
NOTIC: [2048] Declaration of Home\Controller\CommonController::error() should be compatible with that of Think\Controller::error() E:\WWW\project\Application\Home\Controller\CommonController.class.php 第 25 行.
NOTIC: [2048] Declaration of Common\Model\NewsModel::find() should be compatible with that of Think\Model::find() E:\WWW\project\Application\Common\Model\NewsModel.class.php 第 7 行.
SQL: SHOW COLUMNS FROM `cms_news` [ RunTime:0.0110s ]
SQL: SELECT * FROM `cms_news` WHERE ( news_id=24 ) LIMIT 1   [ RunTime:0.0000s ]
SQL: UPDATE `cms_news` SET `count`='37' WHERE ( news_id=24 ) [ RunTime:0.0000s ]
NOTIC: [2048] Declaration of Common\Model\NewsContentModel::find() should be compatible with that of Think\Model::find() E:\WWW\project\Application\Common\Model\NewsContentModel.class.php 第 42 行.
SQL: SHOW COLUMNS FROM `cms_news_content` [ RunTime:0.0100s ]
SQL: SELECT * FROM `cms_news_content` WHERE ( news_id=24 ) LIMIT 1   [ RunTime:0.0010s ]
NOTIC: [2048] Declaration of Common\Model\PositioncontentModel::find() should be compatible with that of Think\Model::find() E:\WWW\project\Application\Common\Model\PositioncontentModel.class.php 第 75 行.
SQL: SHOW COLUMNS FROM `cms_position_content` [ RunTime:0.0080s ]
NOTIC: [8] Undefined index: title E:\WWW\project\Application\Common\Model\PositioncontentModel.class.php 第 15 行.
SQL: SELECT * FROM `cms_position_content` WHERE `status` = 1 AND `position_id` = 5 ORDER BY listorder desc,id desc LIMIT 2   [ RunTime:0.0010s ]
SQL: SELECT * FROM `cms_news` WHERE `status` = 1 ORDER BY count desc,news_id desc LIMIT 10   [ RunTime:0.0010s ]
SQL: SHOW COLUMNS FROM `cms_comments` [ RunTime:0.0070s ]
SQL: SELECT * FROM `cms_comments` WHERE ( news_id=24 ) ORDER BY addtime desc LIMIT 3   [ RunTime:0.0320s ]
NOTIC: [8] Undefined index: id E:\WWW\project\Application\Home\Controller\DetailController.class.php 第 26 行.
INFO: [ view_parse ] --START--
INFO: [ template_filter ] --START--
INFO: Run Behavior\ContentReplaceBehavior [ RunTime:0.000000s ]
INFO: [ template_filter ] --END-- [ RunTime:0.000000s ]
NOTIC: [2048] Declaration of Common\Model\BasicModel::save() should be compatible with that of Think\Model::save() E:\WWW\project\Application\Common\Model\BasicModel.class.php 第 19 行.
NOTIC: [2048] Declaration of Common\Model\BasicModel::select() should be compatible with that of Think\Model::select() E:\WWW\project\Application\Common\Model\BasicModel.class.php 第 19 行.
NOTIC: [2048] Declaration of Common\Model\MenuModel::find() should be compatible with that of Think\Model::find() E:\WWW\project\Application\Common\Model\MenuModel.class.php 第 102 行.
SQL: SHOW COLUMNS FROM `cms_menu` [ RunTime:0.0070s ]
SQL: SELECT * FROM `cms_menu` WHERE `status` = 1 AND `type` = 0 ORDER BY listorder desc,menu_id desc  [ RunTime:0.0010s ]
NOTIC: [8] Use of undefined constant comments - assumed 'comments' E:\WWW\project\Application\Runtime\Cache\Home\0d75cb75cd30b13fdd4834afd69acb19.php 第 43 行.
NOTIC: [8] Use of undefined constant comments - assumed 'comments' E:\WWW\project\Application\Runtime\Cache\Home\0d75cb75cd30b13fdd4834afd69acb19.php 第 43 行.
NOTIC: [8] Undefined index: name E:\WWW\project\Application\Runtime\Cache\Home\0d75cb75cd30b13fdd4834afd69acb19.php 第 90 行.
INFO: Run Behavior\ParseTemplateBehavior [ RunTime:0.044003s ]
INFO: [ view_parse ] --END-- [ RunTime:0.044003s ]
INFO: [ view_filter ] --START--
INFO: Run Behavior\WriteHtmlCacheBehavior [ RunTime:0.001000s ]
INFO: [ view_filter ] --END-- [ RunTime:0.002000s ]
INFO: [ app_end ] --START--
INFO: Run Behavior\ShowPageTraceBehavior [ RunTime:0.002000s ]
INFO: [ app_end ] --END-- [ RunTime:0.003000s ]

[ 2016-09-24T00:38:03+08:00 ] 127.0.0.1 /index.php?c=detail&id=24
INFO: [ app_init ] --START--
INFO: Run Behavior\BuildLiteBehavior [ RunTime:0.000000s ]
INFO: [ app_init ] --END-- [ RunTime:0.001000s ]
INFO: [ app_begin ] --START--
INFO: Run Behavior\ReadHtmlCacheBehavior [ RunTime:0.002000s ]
INFO: [ app_begin ] --END-- [ RunTime:0.003001s ]
NOTIC: [2048] Declaration of Home\Controller\CommonController::error() should be compatible with that of Think\Controller::error() E:\WWW\project\Application\Home\Controller\CommonController.class.php 第 25 行.
NOTIC: [2048] Declaration of Common\Model\NewsModel::find() should be compatible with that of Think\Model::find() E:\WWW\project\Application\Common\Model\NewsModel.class.php 第 7 行.
SQL: SHOW COLUMNS FROM `cms_news` [ RunTime:0.0100s ]
SQL: SELECT * FROM `cms_news` WHERE ( news_id=24 ) LIMIT 1   [ RunTime:0.0010s ]
SQL: UPDATE `cms_news` SET `count`='38' WHERE ( news_id=24 ) [ RunTime:0.0010s ]
NOTIC: [2048] Declaration of Common\Model\NewsContentModel::find() should be compatible with that of Think\Model::find() E:\WWW\project\Application\Common\Model\NewsContentModel.class.php 第 42 行.
SQL: SHOW COLUMNS FROM `cms_news_content` [ RunTime:0.0120s ]
SQL: SELECT * FROM `cms_news_content` WHERE ( news_id=24 ) LIMIT 1   [ RunTime:0.0010s ]
NOTIC: [2048] Declaration of Common\Model\PositioncontentModel::find() should be compatible with that of Think\Model::find() E:\WWW\project\Application\Common\Model\PositioncontentModel.class.php 第 75 行.
SQL: SHOW COLUMNS FROM `cms_position_content` [ RunTime:0.0100s ]
NOTIC: [8] Undefined index: title E:\WWW\project\Application\Common\Model\PositioncontentModel.class.php 第 15 行.
SQL: SELECT * FROM `cms_position_content` WHERE `status` = 1 AND `position_id` = 5 ORDER BY listorder desc,id desc LIMIT 2   [ RunTime:0.0030s ]
SQL: SELECT * FROM `cms_news` WHERE `status` = 1 ORDER BY count desc,news_id desc LIMIT 10   [ RunTime:0.0010s ]
SQL: SHOW COLUMNS FROM `cms_comments` [ RunTime:0.0080s ]
SQL: SELECT * FROM `cms_comments` WHERE ( news_id=24 ) ORDER BY addtime desc LIMIT 3   [ RunTime:0.0010s ]
NOTIC: [8] Undefined index: id E:\WWW\project\Application\Home\Controller\DetailController.class.php 第 26 行.
INFO: [ view_parse ] --START--
INFO: [ template_filter ] --START--
INFO: Run Behavior\ContentReplaceBehavior [ RunTime:0.001000s ]
INFO: [ template_filter ] --END-- [ RunTime:0.001000s ]
NOTIC: [2048] Declaration of Common\Model\BasicModel::save() should be compatible with that of Think\Model::save() E:\WWW\project\Application\Common\Model\BasicModel.class.php 第 19 行.
NOTIC: [2048] Declaration of Common\Model\BasicModel::select() should be compatible with that of Think\Model::select() E:\WWW\project\Application\Common\Model\BasicModel.class.php 第 19 行.
NOTIC: [2048] Declaration of Common\Model\MenuModel::find() should be compatible with that of Think\Model::find() E:\WWW\project\Application\Common\Model\MenuModel.class.php 第 102 行.
SQL: SHOW COLUMNS FROM `cms_menu` [ RunTime:0.0080s ]
SQL: SELECT * FROM `cms_menu` WHERE `status` = 1 AND `type` = 0 ORDER BY listorder desc,menu_id desc  [ RunTime:0.0010s ]
NOTIC: [8] Use of undefined constant comments - assumed 'comments' E:\WWW\project\Application\Runtime\Cache\Home\0d75cb75cd30b13fdd4834afd69acb19.php 第 43 行.
NOTIC: [8] Undefined index: name E:\WWW\project\Application\Runtime\Cache\Home\0d75cb75cd30b13fdd4834afd69acb19.php 第 90 行.
INFO: Run Behavior\ParseTemplateBehavior [ RunTime:0.044003s ]
INFO: [ view_parse ] --END-- [ RunTime:0.044003s ]
INFO: [ view_filter ] --START--
INFO: Run Behavior\WriteHtmlCacheBehavior [ RunTime:0.002000s ]
INFO: [ view_filter ] --END-- [ RunTime:0.002000s ]
INFO: [ app_end ] --START--
INFO: Run Behavior\ShowPageTraceBehavior [ RunTime:0.001000s ]
INFO: [ app_end ] --END-- [ RunTime:0.002000s ]

[ 2016-09-24T00:38:22+08:00 ] 127.0.0.1 /index.php?c=detail&id=24
INFO: [ app_init ] --START--
INFO: Run Behavior\BuildLiteBehavior [ RunTime:0.000000s ]
INFO: [ app_init ] --END-- [ RunTime:0.001000s ]
INFO: [ app_begin ] --START--
INFO: Run Behavior\ReadHtmlCacheBehavior [ RunTime:0.003000s ]
INFO: [ app_begin ] --END-- [ RunTime:0.006000s ]
NOTIC: [2048] Declaration of Home\Controller\CommonController::error() should be compatible with that of Think\Controller::error() E:\WWW\project\Application\Home\Controller\CommonController.class.php 第 25 行.
NOTIC: [2048] Declaration of Common\Model\NewsModel::find() should be compatible with that of Think\Model::find() E:\WWW\project\Application\Common\Model\NewsModel.class.php 第 7 行.
SQL: SHOW COLUMNS FROM `cms_news` [ RunTime:0.0080s ]
SQL: SELECT * FROM `cms_news` WHERE ( news_id=24 ) LIMIT 1   [ RunTime:0.0010s ]
SQL: UPDATE `cms_news` SET `count`='39' WHERE ( news_id=24 ) [ RunTime:0.0000s ]
NOTIC: [2048] Declaration of Common\Model\NewsContentModel::find() should be compatible with that of Think\Model::find() E:\WWW\project\Application\Common\Model\NewsContentModel.class.php 第 42 行.
SQL: SHOW COLUMNS FROM `cms_news_content` [ RunTime:0.0070s ]
SQL: SELECT * FROM `cms_news_content` WHERE ( news_id=24 ) LIMIT 1   [ RunTime:0.0000s ]
NOTIC: [2048] Declaration of Common\Model\PositioncontentModel::find() should be compatible with that of Think\Model::find() E:\WWW\project\Application\Common\Model\PositioncontentModel.class.php 第 75 行.
SQL: SHOW COLUMNS FROM `cms_position_content` [ RunTime:0.0080s ]
NOTIC: [8] Undefined index: title E:\WWW\project\Application\Common\Model\PositioncontentModel.class.php 第 15 行.
SQL: SELECT * FROM `cms_position_content` WHERE `status` = 1 AND `position_id` = 5 ORDER BY listorder desc,id desc LIMIT 2   [ RunTime:0.0000s ]
SQL: SELECT * FROM `cms_news` WHERE `status` = 1 ORDER BY count desc,news_id desc LIMIT 10   [ RunTime:0.0010s ]
SQL: SHOW COLUMNS FROM `cms_comments` [ RunTime:0.0070s ]
SQL: SELECT * FROM `cms_comments` WHERE ( news_id=24 ) ORDER BY addtime desc LIMIT 3   [ RunTime:0.0010s ]
NOTIC: [8] Undefined index: id E:\WWW\project\Application\Home\Controller\DetailController.class.php 第 26 行.
INFO: [ view_parse ] --START--
INFO: [ template_filter ] --START--
INFO: Run Behavior\ContentReplaceBehavior [ RunTime:0.000000s ]
INFO: [ template_filter ] --END-- [ RunTime:0.000000s ]
NOTIC: [2048] Declaration of Common\Model\BasicModel::save() should be compatible with that of Think\Model::save() E:\WWW\project\Application\Common\Model\BasicModel.class.php 第 19 行.
NOTIC: [2048] Declaration of Common\Model\BasicModel::select() should be compatible with that of Think\Model::select() E:\WWW\project\Application\Common\Model\BasicModel.class.php 第 19 行.
NOTIC: [2048] Declaration of Common\Model\MenuModel::find() should be compatible with that of Think\Model::find() E:\WWW\project\Application\Common\Model\MenuModel.class.php 第 102 行.
SQL: SHOW COLUMNS FROM `cms_menu` [ RunTime:0.0060s ]
SQL: SELECT * FROM `cms_menu` WHERE `status` = 1 AND `type` = 0 ORDER BY listorder desc,menu_id desc  [ RunTime:0.0010s ]
NOTIC: [8] Use of undefined constant comments - assumed 'comments' E:\WWW\project\Application\Runtime\Cache\Home\0d75cb75cd30b13fdd4834afd69acb19.php 第 43 行.
NOTIC: [8] Use of undefined constant comments - assumed 'comments' E:\WWW\project\Application\Runtime\Cache\Home\0d75cb75cd30b13fdd4834afd69acb19.php 第 43 行.
NOTIC: [8] Undefined index: name E:\WWW\project\Application\Runtime\Cache\Home\0d75cb75cd30b13fdd4834afd69acb19.php 第 90 行.
INFO: Run Behavior\ParseTemplateBehavior [ RunTime:0.049002s ]
INFO: [ view_parse ] --END-- [ RunTime:0.049002s ]
INFO: [ view_filter ] --START--
INFO: Run Behavior\WriteHtmlCacheBehavior [ RunTime:0.002001s ]
INFO: [ view_filter ] --END-- [ RunTime:0.002001s ]
INFO: [ app_end ] --START--
INFO: Run Behavior\ShowPageTraceBehavior [ RunTime:0.002000s ]
INFO: [ app_end ] --END-- [ RunTime:0.003000s ]

[ 2016-09-24T00:39:11+08:00 ] 127.0.0.1 /index.php?c=cat&id=12
INFO: [ app_init ] --START--
INFO: Run Behavior\BuildLiteBehavior [ RunTime:0.000000s ]
INFO: [ app_init ] --END-- [ RunTime:0.001000s ]
INFO: [ app_begin ] --START--
INFO: Run Behavior\ReadHtmlCacheBehavior [ RunTime:0.002000s ]
INFO: [ app_begin ] --END-- [ RunTime:0.002000s ]
NOTIC: [2048] Declaration of Home\Controller\CommonController::error() should be compatible with that of Think\Controller::error() E:\WWW\project\Application\Home\Controller\CommonController.class.php 第 25 行.
NOTIC: [2048] Declaration of Common\Model\MenuModel::find() should be compatible with that of Think\Model::find() E:\WWW\project\Application\Common\Model\MenuModel.class.php 第 12 行.
SQL: SHOW COLUMNS FROM `cms_menu` [ RunTime:0.0080s ]
SQL: SELECT * FROM `cms_menu` WHERE ( menu_id=12 ) LIMIT 1   [ RunTime:0.0210s ]
NOTIC: [2048] Declaration of Common\Model\NewsModel::find() should be compatible with that of Think\Model::find() E:\WWW\project\Application\Common\Model\NewsModel.class.php 第 127 行.
SQL: SHOW COLUMNS FROM `cms_news` [ RunTime:0.0130s ]
SQL: SELECT * FROM `cms_news` WHERE `status` = 1 ORDER BY count desc,news_id desc LIMIT 10   [ RunTime:0.0010s ]
NOTIC: [2048] Declaration of Common\Model\PositioncontentModel::find() should be compatible with that of Think\Model::find() E:\WWW\project\Application\Common\Model\PositioncontentModel.class.php 第 75 行.
SQL: SHOW COLUMNS FROM `cms_position_content` [ RunTime:0.0060s ]
NOTIC: [8] Undefined index: title E:\WWW\project\Application\Common\Model\PositioncontentModel.class.php 第 15 行.
SQL: SELECT * FROM `cms_position_content` WHERE `status` = 1 AND `position_id` = 5 ORDER BY listorder desc,id desc LIMIT 2   [ RunTime:0.0010s ]
NOTIC: [8] Undefined index: p E:\WWW\project\Application\Home\Controller\CatController.class.php 第 19 行.
NOTIC: [8] Undefined index: title E:\WWW\project\Application\Common\Model\NewsModel.class.php 第 26 行.
SQL: SELECT * FROM `cms_news` WHERE `status` <> -1 AND `thumb` <> '' AND `catid` = 12 ORDER BY listorder desc ,news_id desc LIMIT 0,2   [ RunTime:0.0700s ]
NOTIC: [8] Undefined index: title E:\WWW\project\Application\Common\Model\NewsModel.class.php 第 40 行.
SQL: SELECT COUNT(*) AS tp_count FROM `cms_news` WHERE `status` <> -1 AND `thumb` <> '' AND `catid` = 12 LIMIT 1   [ RunTime:0.0030s ]
INFO: [ view_parse ] --START--
INFO: [ template_filter ] --START--
INFO: Run Behavior\ContentReplaceBehavior [ RunTime:0.000000s ]
INFO: [ template_filter ] --END-- [ RunTime:0.000000s ]
NOTIC: [2048] Declaration of Common\Model\BasicModel::save() should be compatible with that of Think\Model::save() E:\WWW\project\Application\Common\Model\BasicModel.class.php 第 19 行.
NOTIC: [2048] Declaration of Common\Model\BasicModel::select() should be compatible with that of Think\Model::select() E:\WWW\project\Application\Common\Model\BasicModel.class.php 第 19 行.
SQL: SELECT * FROM `cms_menu` WHERE `status` = 1 AND `type` = 0 ORDER BY listorder desc,menu_id desc  [ RunTime:0.0030s ]
NOTIC: [8] Undefined index: name E:\WWW\project\Application\Runtime\Cache\Home\14fcc139096cfd1d2075eb8db7e60b1e.php 第 71 行.
INFO: Run Behavior\ParseTemplateBehavior [ RunTime:0.039002s ]
INFO: [ view_parse ] --END-- [ RunTime:0.039002s ]
INFO: [ view_filter ] --START--
INFO: Run Behavior\WriteHtmlCacheBehavior [ RunTime:0.001000s ]
INFO: [ view_filter ] --END-- [ RunTime:0.001000s ]
INFO: [ app_end ] --START--
INFO: Run Behavior\ShowPageTraceBehavior [ RunTime:0.002000s ]
INFO: [ app_end ] --END-- [ RunTime:0.002000s ]

[ 2016-09-24T00:39:13+08:00 ] 127.0.0.1 /index.php?c=cat&id=3
INFO: [ app_init ] --START--
INFO: Run Behavior\BuildLiteBehavior [ RunTime:0.000000s ]
INFO: [ app_init ] --END-- [ RunTime:0.001000s ]
INFO: [ app_begin ] --START--
INFO: Run Behavior\ReadHtmlCacheBehavior [ RunTime:0.002000s ]
INFO: [ app_begin ] --END-- [ RunTime:0.002000s ]
NOTIC: [2048] Declaration of Home\Controller\CommonController::error() should be compatible with that of Think\Controller::error() E:\WWW\project\Application\Home\Controller\CommonController.class.php 第 25 行.
NOTIC: [2048] Declaration of Common\Model\MenuModel::find() should be compatible with that of Think\Model::find() E:\WWW\project\Application\Common\Model\MenuModel.class.php 第 12 行.
SQL: SHOW COLUMNS FROM `cms_menu` [ RunTime:0.0100s ]
SQL: SELECT * FROM `cms_menu` WHERE ( menu_id=3 ) LIMIT 1   [ RunTime:0.0000s ]
NOTIC: [2048] Declaration of Common\Model\NewsModel::find() should be compatible with that of Think\Model::find() E:\WWW\project\Application\Common\Model\NewsModel.class.php 第 127 行.
SQL: SHOW COLUMNS FROM `cms_news` [ RunTime:0.0070s ]
SQL: SELECT * FROM `cms_news` WHERE `status` = 1 ORDER BY count desc,news_id desc LIMIT 10   [ RunTime:0.0010s ]
NOTIC: [2048] Declaration of Common\Model\PositioncontentModel::find() should be compatible with that of Think\Model::find() E:\WWW\project\Application\Common\Model\PositioncontentModel.class.php 第 75 行.
SQL: SHOW COLUMNS FROM `cms_position_content` [ RunTime:0.0080s ]
NOTIC: [8] Undefined index: title E:\WWW\project\Application\Common\Model\PositioncontentModel.class.php 第 15 行.
SQL: SELECT * FROM `cms_position_content` WHERE `status` = 1 AND `position_id` = 5 ORDER BY listorder desc,id desc LIMIT 2   [ RunTime:0.0010s ]
NOTIC: [8] Undefined index: p E:\WWW\project\Application\Home\Controller\CatController.class.php 第 19 行.
NOTIC: [8] Undefined index: title E:\WWW\project\Application\Common\Model\NewsModel.class.php 第 26 行.
SQL: SELECT * FROM `cms_news` WHERE `status` <> -1 AND `thumb` <> '' AND `catid` = 3 ORDER BY listorder desc ,news_id desc LIMIT 0,2   [ RunTime:0.0010s ]
NOTIC: [8] Undefined index: title E:\WWW\project\Application\Common\Model\NewsModel.class.php 第 40 行.
SQL: SELECT COUNT(*) AS tp_count FROM `cms_news` WHERE `status` <> -1 AND `thumb` <> '' AND `catid` = 3 LIMIT 1   [ RunTime:0.0010s ]
INFO: [ view_parse ] --START--
INFO: [ template_filter ] --START--
INFO: Run Behavior\ContentReplaceBehavior [ RunTime:0.000000s ]
INFO: [ template_filter ] --END-- [ RunTime:0.000000s ]
NOTIC: [2048] Declaration of Common\Model\BasicModel::save() should be compatible with that of Think\Model::save() E:\WWW\project\Application\Common\Model\BasicModel.class.php 第 19 行.
NOTIC: [2048] Declaration of Common\Model\BasicModel::select() should be compatible with that of Think\Model::select() E:\WWW\project\Application\Common\Model\BasicModel.class.php 第 19 行.
SQL: SELECT * FROM `cms_menu` WHERE `status` = 1 AND `type` = 0 ORDER BY listorder desc,menu_id desc  [ RunTime:0.0010s ]
NOTIC: [8] Undefined index: name E:\WWW\project\Application\Runtime\Cache\Home\14fcc139096cfd1d2075eb8db7e60b1e.php 第 71 行.
INFO: Run Behavior\ParseTemplateBehavior [ RunTime:0.033001s ]
INFO: [ view_parse ] --END-- [ RunTime:0.034001s ]
INFO: [ view_filter ] --START--
INFO: Run Behavior\WriteHtmlCacheBehavior [ RunTime:0.001001s ]
INFO: [ view_filter ] --END-- [ RunTime:0.001001s ]
INFO: [ app_end ] --START--
INFO: Run Behavior\ShowPageTraceBehavior [ RunTime:0.002000s ]
INFO: [ app_end ] --END-- [ RunTime:0.002000s ]

[ 2016-09-24T00:39:14+08:00 ] 127.0.0.1 /index.php?c=cat&id=20
INFO: [ app_init ] --START--
INFO: Run Behavior\BuildLiteBehavior [ RunTime:0.000000s ]
INFO: [ app_init ] --END-- [ RunTime:0.002000s ]
INFO: [ app_begin ] --START--
INFO: Run Behavior\ReadHtmlCacheBehavior [ RunTime:0.002000s ]
INFO: [ app_begin ] --END-- [ RunTime:0.002000s ]
NOTIC: [2048] Declaration of Home\Controller\CommonController::error() should be compatible with that of Think\Controller::error() E:\WWW\project\Application\Home\Controller\CommonController.class.php 第 25 行.
NOTIC: [2048] Declaration of Common\Model\MenuModel::find() should be compatible with that of Think\Model::find() E:\WWW\project\Application\Common\Model\MenuModel.class.php 第 12 行.
SQL: SHOW COLUMNS FROM `cms_menu` [ RunTime:0.0090s ]
SQL: SELECT * FROM `cms_menu` WHERE ( menu_id=20 ) LIMIT 1   [ RunTime:0.0000s ]
NOTIC: [2048] Declaration of Common\Model\NewsModel::find() should be compatible with that of Think\Model::find() E:\WWW\project\Application\Common\Model\NewsModel.class.php 第 127 行.
SQL: SHOW COLUMNS FROM `cms_news` [ RunTime:0.0100s ]
SQL: SELECT * FROM `cms_news` WHERE `status` = 1 ORDER BY count desc,news_id desc LIMIT 10   [ RunTime:0.0010s ]
NOTIC: [2048] Declaration of Common\Model\PositioncontentModel::find() should be compatible with that of Think\Model::find() E:\WWW\project\Application\Common\Model\PositioncontentModel.class.php 第 75 行.
SQL: SHOW COLUMNS FROM `cms_position_content` [ RunTime:0.0090s ]
NOTIC: [8] Undefined index: title E:\WWW\project\Application\Common\Model\PositioncontentModel.class.php 第 15 行.
SQL: SELECT * FROM `cms_position_content` WHERE `status` = 1 AND `position_id` = 5 ORDER BY listorder desc,id desc LIMIT 2   [ RunTime:0.0010s ]
NOTIC: [8] Undefined index: p E:\WWW\project\Application\Home\Controller\CatController.class.php 第 19 行.
NOTIC: [8] Undefined index: title E:\WWW\project\Application\Common\Model\NewsModel.class.php 第 26 行.
SQL: SELECT * FROM `cms_news` WHERE `status` <> -1 AND `thumb` <> '' AND `catid` = 20 ORDER BY listorder desc ,news_id desc LIMIT 0,2   [ RunTime:0.0010s ]
NOTIC: [8] Undefined index: title E:\WWW\project\Application\Common\Model\NewsModel.class.php 第 40 行.
SQL: SELECT COUNT(*) AS tp_count FROM `cms_news` WHERE `status` <> -1 AND `thumb` <> '' AND `catid` = 20 LIMIT 1   [ RunTime:0.0150s ]
INFO: [ view_parse ] --START--
INFO: [ template_filter ] --START--
INFO: Run Behavior\ContentReplaceBehavior [ RunTime:0.000000s ]
INFO: [ template_filter ] --END-- [ RunTime:0.000000s ]
NOTIC: [2048] Declaration of Common\Model\BasicModel::save() should be compatible with that of Think\Model::save() E:\WWW\project\Application\Common\Model\BasicModel.class.php 第 19 行.
NOTIC: [2048] Declaration of Common\Model\BasicModel::select() should be compatible with that of Think\Model::select() E:\WWW\project\Application\Common\Model\BasicModel.class.php 第 19 行.
SQL: SELECT * FROM `cms_menu` WHERE `status` = 1 AND `type` = 0 ORDER BY listorder desc,menu_id desc  [ RunTime:0.0010s ]
NOTIC: [8] Undefined index: name E:\WWW\project\Application\Runtime\Cache\Home\14fcc139096cfd1d2075eb8db7e60b1e.php 第 71 行.
INFO: Run Behavior\ParseTemplateBehavior [ RunTime:0.041002s ]
INFO: [ view_parse ] --END-- [ RunTime:0.042003s ]
INFO: [ view_filter ] --START--
INFO: Run Behavior\WriteHtmlCacheBehavior [ RunTime:0.001000s ]
INFO: [ view_filter ] --END-- [ RunTime:0.001000s ]
INFO: [ app_end ] --START--
INFO: Run Behavior\ShowPageTraceBehavior [ RunTime:0.002000s ]
INFO: [ app_end ] --END-- [ RunTime:0.002000s ]

[ 2016-09-24T00:39:15+08:00 ] 127.0.0.1 /
INFO: [ app_init ] --START--
INFO: Run Behavior\BuildLiteBehavior [ RunTime:0.000000s ]
INFO: [ app_init ] --END-- [ RunTime:0.002000s ]
INFO: [ app_begin ] --START--
INFO: Run Behavior\ReadHtmlCacheBehavior [ RunTime:0.002000s ]
INFO: [ app_begin ] --END-- [ RunTime:0.002000s ]
NOTIC: [2048] Declaration of Home\Controller\CommonController::error() should be compatible with that of Think\Controller::error() E:\WWW\project\Application\Home\Controller\CommonController.class.php 第 25 行.
NOTIC: [2048] Declaration of Common\Model\NewsModel::find() should be compatible with that of Think\Model::find() E:\WWW\project\Application\Common\Model\NewsModel.class.php 第 7 行.
SQL: SHOW COLUMNS FROM `cms_news` [ RunTime:0.0080s ]
SQL: SELECT * FROM `cms_news` WHERE `status` = 1 ORDER BY count desc,news_id desc LIMIT 10   [ RunTime:0.0010s ]
NOTIC: [2048] Declaration of Common\Model\PositioncontentModel::find() should be compatible with that of Think\Model::find() E:\WWW\project\Application\Common\Model\PositioncontentModel.class.php 第 75 行.
SQL: SHOW COLUMNS FROM `cms_position_content` [ RunTime:0.0080s ]
NOTIC: [8] Undefined index: title E:\WWW\project\Application\Common\Model\PositioncontentModel.class.php 第 15 行.
SQL: SELECT * FROM `cms_position_content` WHERE `status` = 1 AND `position_id` = 2 ORDER BY listorder desc,id desc LIMIT 1   [ RunTime:0.0010s ]
NOTIC: [8] Undefined index: title E:\WWW\project\Application\Common\Model\PositioncontentModel.class.php 第 15 行.
SQL: SELECT * FROM `cms_position_content` WHERE `status` = 1 AND `position_id` = 3 ORDER BY listorder desc,id desc LIMIT 3   [ RunTime:0.0010s ]
SQL: SELECT * FROM `cms_news` WHERE `status` = 1 AND `thumb` <> '' ORDER BY news_id desc LIMIT 30   [ RunTime:0.0020s ]
NOTIC: [8] Undefined index: title E:\WWW\project\Application\Common\Model\PositioncontentModel.class.php 第 15 行.
SQL: SELECT * FROM `cms_position_content` WHERE `status` = 1 AND `position_id` = 5 ORDER BY listorder desc,id desc LIMIT 2   [ RunTime:0.0000s ]
INFO: [ view_parse ] --START--
INFO: [ template_filter ] --START--
INFO: Run Behavior\ContentReplaceBehavior [ RunTime:0.001000s ]
INFO: [ template_filter ] --END-- [ RunTime:0.001000s ]
NOTIC: [2048] Declaration of Common\Model\BasicModel::save() should be compatible with that of Think\Model::save() E:\WWW\project\Application\Common\Model\BasicModel.class.php 第 19 行.
NOTIC: [2048] Declaration of Common\Model\BasicModel::select() should be compatible with that of Think\Model::select() E:\WWW\project\Application\Common\Model\BasicModel.class.php 第 19 行.
NOTIC: [2048] Declaration of Common\Model\MenuModel::find() should be compatible with that of Think\Model::find() E:\WWW\project\Application\Common\Model\MenuModel.class.php 第 102 行.
SQL: SHOW COLUMNS FROM `cms_menu` [ RunTime:0.0080s ]
SQL: SELECT * FROM `cms_menu` WHERE `status` = 1 AND `type` = 0 ORDER BY listorder desc,menu_id desc  [ RunTime:0.0000s ]
NOTIC: [8] Undefined index: name E:\WWW\project\Application\Runtime\Cache\Home\2a94b8bda04ff446dcedd42276fc99ee.php 第 78 行.
INFO: Run Behavior\ParseTemplateBehavior [ RunTime:0.073004s ]
INFO: [ view_parse ] --END-- [ RunTime:0.073004s ]
INFO: [ view_filter ] --START--
INFO: Run Behavior\WriteHtmlCacheBehavior [ RunTime:0.001000s ]
INFO: [ view_filter ] --END-- [ RunTime:0.001000s ]
INFO: [ app_end ] --START--
INFO: Run Behavior\ShowPageTraceBehavior [ RunTime:0.002000s ]
INFO: [ app_end ] --END-- [ RunTime:0.002000s ]

[ 2016-09-24T00:39:15+08:00 ] 127.0.0.1 /index.php?c=index&a=getCount
INFO: [ app_init ] --START--
INFO: Run Behavior\BuildLiteBehavior [ RunTime:0.000000s ]
INFO: [ app_init ] --END-- [ RunTime:0.001000s ]
INFO: [ app_begin ] --START--
INFO: Run Behavior\ReadHtmlCacheBehavior [ RunTime:0.001000s ]
INFO: [ app_begin ] --END-- [ RunTime:0.002000s ]
NOTIC: [2048] Declaration of Home\Controller\CommonController::error() should be compatible with that of Think\Controller::error() E:\WWW\project\Application\Home\Controller\CommonController.class.php 第 25 行.
NOTIC: [2048] Declaration of Common\Model\NewsModel::find() should be compatible with that of Think\Model::find() E:\WWW\project\Application\Common\Model\NewsModel.class.php 第 7 行.
SQL: SHOW COLUMNS FROM `cms_news` [ RunTime:0.0080s ]
SQL: SELECT * FROM `cms_news` WHERE `news_id` IN ('21','24','23','22')  [ RunTime:0.0010s ]

