[ 2016-12-02T20:24:54+08:00 ] 127.0.0.1 /index.php?c=index&a=getCount
INFO: [ app_init ] --START--
INFO: Run Behavior\BuildLiteBehavior [ RunTime:0.000000s ]
INFO: [ app_init ] --END-- [ RunTime:0.032002s ]
INFO: [ app_begin ] --START--
INFO: Run Behavior\ReadHtmlCacheBehavior [ RunTime:0.000000s ]
INFO: [ app_begin ] --END-- [ RunTime:0.001000s ]
NOTIC: [2048] Declaration of Home\Controller\CommonController::error() should be compatible with Think\Controller::error($message = '', $jumpUrl = '', $ajax = false) E:\WWW\project\Application\Home\Controller\CommonController.class.php 第 32 行.
SQL: SHOW COLUMNS FROM `cms_ddos` [ RunTime:0.0550s ]
SQL: SELECT * FROM `cms_ddos` LIMIT 1   [ RunTime:0.0000s ]
SQL: SHOW COLUMNS FROM `cms_visit_logs` [ RunTime:0.0030s ]
SQL: DELETE FROM `cms_visit_logs` WHERE ( TIME < '1480680994' AND TYPE = 'ddos' ) [ RunTime:0.0010s ]
SQL: SHOW COLUMNS FROM `cms_lock_logs` [ RunTime:0.0030s ]
SQL: DELETE FROM `cms_lock_logs` WHERE ( 1480681494 > ENDTIME ) [ RunTime:0.0150s ]
SQL: SELECT * FROM `cms_lock_logs` WHERE ( IP='127.0.0.1' AND ENDTIME > '1480681494' ) LIMIT 1   [ RunTime:0.0010s ]
SQL: INSERT INTO `cms_visit_logs` (`IP`,`TIME`,`TYPE`) VALUES ('127.0.0.1','1480681494','ddos') [ RunTime:0.0000s ]
SQL: SELECT COUNT(*) AS tp_count FROM `cms_visit_logs` WHERE ( IP = '127.0.0.1' AND TYPE = 'ddos' ) LIMIT 1   [ RunTime:0.0010s ]
SQL: SHOW COLUMNS FROM `cms_sql` [ RunTime:0.0030s ]
SQL: SELECT * FROM `cms_sql` LIMIT 1   [ RunTime:0.0010s ]
SQL: DELETE FROM `cms_visit_logs` WHERE ( TIME < '1480681492' AND TYPE = 'sql' ) [ RunTime:0.0000s ]
SQL: DELETE FROM `cms_lock_logs` WHERE ( 1480681494 > ENDTIME ) [ RunTime:0.0000s ]
SQL: SELECT * FROM `cms_lock_logs` WHERE ( IP='127.0.0.1' AND ENDTIME > '1480681494' ) LIMIT 1   [ RunTime:0.0000s ]
SQL: SELECT COUNT(*) AS tp_count FROM `cms_visit_logs` WHERE ( IP = '127.0.0.1' AND TYPE = 'sql' ) LIMIT 1   [ RunTime:0.0000s ]
NOTIC: [2048] Declaration of Common\Model\NewsModel::find() should be compatible with Think\Model::find($options = Array) E:\WWW\project\Application\Common\Model\NewsModel.class.php 第 127 行.
SQL: SHOW COLUMNS FROM `cms_news` [ RunTime:0.0040s ]
SQL: SELECT * FROM `cms_news` WHERE `news_id` IN ('44','53','51','50','49','48','47','46','43')  [ RunTime:0.0010s ]

[ 2016-12-02T20:53:01+08:00 ] 127.0.0.1 /index.php?c=index&a=getCount
INFO: [ app_init ] --START--
INFO: Run Behavior\BuildLiteBehavior [ RunTime:0.000000s ]
INFO: [ app_init ] --END-- [ RunTime:0.001000s ]
INFO: [ app_begin ] --START--
INFO: Run Behavior\ReadHtmlCacheBehavior [ RunTime:0.001000s ]
INFO: [ app_begin ] --END-- [ RunTime:0.001000s ]
NOTIC: [2048] Declaration of Home\Controller\CommonController::error() should be compatible with Think\Controller::error($message = '', $jumpUrl = '', $ajax = false) E:\WWW\project\Application\Home\Controller\CommonController.class.php 第 32 行.
SQL: SHOW COLUMNS FROM `cms_ddos` [ RunTime:0.0060s ]
SQL: SELECT * FROM `cms_ddos` LIMIT 1   [ RunTime:0.0000s ]
SQL: SHOW COLUMNS FROM `cms_visit_logs` [ RunTime:0.0060s ]
SQL: DELETE FROM `cms_visit_logs` WHERE ( TIME < '1480682681' AND TYPE = 'ddos' ) [ RunTime:0.0010s ]
SQL: SHOW COLUMNS FROM `cms_lock_logs` [ RunTime:0.0060s ]
SQL: DELETE FROM `cms_lock_logs` WHERE ( 1480683181 > ENDTIME ) [ RunTime:0.0010s ]
SQL: SELECT * FROM `cms_lock_logs` WHERE ( IP='127.0.0.1' AND ENDTIME > '1480683181' ) LIMIT 1   [ RunTime:0.0000s ]
SQL: INSERT INTO `cms_visit_logs` (`IP`,`TIME`,`TYPE`) VALUES ('127.0.0.1','1480683181','ddos') [ RunTime:0.0010s ]
SQL: SELECT COUNT(*) AS tp_count FROM `cms_visit_logs` WHERE ( IP = '127.0.0.1' AND TYPE = 'ddos' ) LIMIT 1   [ RunTime:0.0000s ]
SQL: SHOW COLUMNS FROM `cms_sql` [ RunTime:0.0050s ]
SQL: SELECT * FROM `cms_sql` LIMIT 1   [ RunTime:0.0000s ]
SQL: DELETE FROM `cms_visit_logs` WHERE ( TIME < '1480683179' AND TYPE = 'sql' ) [ RunTime:0.0000s ]
SQL: DELETE FROM `cms_lock_logs` WHERE ( 1480683181 > ENDTIME ) [ RunTime:0.0010s ]
SQL: SELECT * FROM `cms_lock_logs` WHERE ( IP='127.0.0.1' AND ENDTIME > '1480683181' ) LIMIT 1   [ RunTime:0.0000s ]
SQL: SELECT COUNT(*) AS tp_count FROM `cms_visit_logs` WHERE ( IP = '127.0.0.1' AND TYPE = 'sql' ) LIMIT 1   [ RunTime:0.0000s ]
NOTIC: [2048] Declaration of Common\Model\NewsModel::find() should be compatible with Think\Model::find($options = Array) E:\WWW\project\Application\Common\Model\NewsModel.class.php 第 127 行.
SQL: SHOW COLUMNS FROM `cms_news` [ RunTime:0.0060s ]
SQL: SELECT * FROM `cms_news` WHERE `news_id` IN ('44','53','51','50','49','48','47','46','43')  [ RunTime:0.0010s ]

[ 2016-12-02T20:56:10+08:00 ] 127.0.0.1 /index.php?c=index&a=getCount
INFO: [ app_init ] --START--
INFO: Run Behavior\BuildLiteBehavior [ RunTime:0.000000s ]
INFO: [ app_init ] --END-- [ RunTime:0.001000s ]
INFO: [ app_begin ] --START--
INFO: Run Behavior\ReadHtmlCacheBehavior [ RunTime:0.001000s ]
INFO: [ app_begin ] --END-- [ RunTime:0.001000s ]
NOTIC: [2048] Declaration of Home\Controller\CommonController::error() should be compatible with Think\Controller::error($message = '', $jumpUrl = '', $ajax = false) E:\WWW\project\Application\Home\Controller\CommonController.class.php 第 32 行.
SQL: SHOW COLUMNS FROM `cms_ddos` [ RunTime:0.0160s ]
SQL: SELECT * FROM `cms_ddos` LIMIT 1   [ RunTime:0.0000s ]
SQL: SHOW COLUMNS FROM `cms_visit_logs` [ RunTime:0.0080s ]
SQL: DELETE FROM `cms_visit_logs` WHERE ( TIME < '1480682870' AND TYPE = 'ddos' ) [ RunTime:0.0000s ]
SQL: SHOW COLUMNS FROM `cms_lock_logs` [ RunTime:0.0080s ]
SQL: DELETE FROM `cms_lock_logs` WHERE ( 1480683370 > ENDTIME ) [ RunTime:0.0010s ]
SQL: SELECT * FROM `cms_lock_logs` WHERE ( IP='127.0.0.1' AND ENDTIME > '1480683370' ) LIMIT 1   [ RunTime:0.0010s ]
SQL: INSERT INTO `cms_visit_logs` (`IP`,`TIME`,`TYPE`) VALUES ('127.0.0.1','1480683370','ddos') [ RunTime:0.0010s ]
SQL: SELECT COUNT(*) AS tp_count FROM `cms_visit_logs` WHERE ( IP = '127.0.0.1' AND TYPE = 'ddos' ) LIMIT 1   [ RunTime:0.0000s ]
SQL: SHOW COLUMNS FROM `cms_sql` [ RunTime:0.0080s ]
SQL: SELECT * FROM `cms_sql` LIMIT 1   [ RunTime:0.0010s ]
SQL: DELETE FROM `cms_visit_logs` WHERE ( TIME < '1480683368' AND TYPE = 'sql' ) [ RunTime:0.0010s ]
SQL: DELETE FROM `cms_lock_logs` WHERE ( 1480683370 > ENDTIME ) [ RunTime:0.0000s ]
SQL: SELECT * FROM `cms_lock_logs` WHERE ( IP='127.0.0.1' AND ENDTIME > '1480683370' ) LIMIT 1   [ RunTime:0.0010s ]
SQL: SELECT COUNT(*) AS tp_count FROM `cms_visit_logs` WHERE ( IP = '127.0.0.1' AND TYPE = 'sql' ) LIMIT 1   [ RunTime:0.0010s ]
NOTIC: [2048] Declaration of Common\Model\NewsModel::find() should be compatible with Think\Model::find($options = Array) E:\WWW\project\Application\Common\Model\NewsModel.class.php 第 127 行.
SQL: SHOW COLUMNS FROM `cms_news` [ RunTime:0.0090s ]
SQL: SELECT * FROM `cms_news` WHERE `news_id` IN ('44','53','51','50','49','48','47','46','43')  [ RunTime:0.0010s ]

[ 2016-12-02T20:56:13+08:00 ] 127.0.0.1 /index.php?c=cat&id=12
INFO: [ app_init ] --START--
INFO: Run Behavior\BuildLiteBehavior [ RunTime:0.000000s ]
INFO: [ app_init ] --END-- [ RunTime:0.000000s ]
INFO: [ app_begin ] --START--
INFO: Run Behavior\ReadHtmlCacheBehavior [ RunTime:0.001000s ]
INFO: [ app_begin ] --END-- [ RunTime:0.001000s ]
NOTIC: [2048] Declaration of Home\Controller\CommonController::error() should be compatible with Think\Controller::error($message = '', $jumpUrl = '', $ajax = false) E:\WWW\project\Application\Home\Controller\CommonController.class.php 第 32 行.
SQL: SHOW COLUMNS FROM `cms_ddos` [ RunTime:0.0060s ]
SQL: SELECT * FROM `cms_ddos` LIMIT 1   [ RunTime:0.0010s ]
SQL: SHOW COLUMNS FROM `cms_visit_logs` [ RunTime:0.0050s ]
SQL: DELETE FROM `cms_visit_logs` WHERE ( TIME < '1480682873' AND TYPE = 'ddos' ) [ RunTime:0.0010s ]
SQL: SHOW COLUMNS FROM `cms_lock_logs` [ RunTime:0.0060s ]
SQL: DELETE FROM `cms_lock_logs` WHERE ( 1480683373 > ENDTIME ) [ RunTime:0.0010s ]
SQL: SELECT * FROM `cms_lock_logs` WHERE ( IP='127.0.0.1' AND ENDTIME > '1480683373' ) LIMIT 1   [ RunTime:0.0000s ]
SQL: INSERT INTO `cms_visit_logs` (`IP`,`TIME`,`TYPE`) VALUES ('127.0.0.1','1480683373','ddos') [ RunTime:0.0000s ]
SQL: SELECT COUNT(*) AS tp_count FROM `cms_visit_logs` WHERE ( IP = '127.0.0.1' AND TYPE = 'ddos' ) LIMIT 1   [ RunTime:0.0000s ]
SQL: SHOW COLUMNS FROM `cms_sql` [ RunTime:0.0060s ]
SQL: SELECT * FROM `cms_sql` LIMIT 1   [ RunTime:0.0010s ]
SQL: DELETE FROM `cms_visit_logs` WHERE ( TIME < '1480683371' AND TYPE = 'sql' ) [ RunTime:0.0000s ]
SQL: DELETE FROM `cms_lock_logs` WHERE ( 1480683373 > ENDTIME ) [ RunTime:0.0000s ]
SQL: SELECT * FROM `cms_lock_logs` WHERE ( IP='127.0.0.1' AND ENDTIME > '1480683373' ) LIMIT 1   [ RunTime:0.0000s ]
SQL: SELECT COUNT(*) AS tp_count FROM `cms_visit_logs` WHERE ( IP = '127.0.0.1' AND TYPE = 'sql' ) LIMIT 1   [ RunTime:0.0000s ]
NOTIC: [2048] Declaration of Common\Model\MenuModel::find() should be compatible with Think\Model::find($options = Array) E:\WWW\project\Application\Common\Model\MenuModel.class.php 第 102 行.
SQL: SHOW COLUMNS FROM `cms_menu` [ RunTime:0.0070s ]
SQL: SELECT * FROM `cms_menu` WHERE ( menu_id=12 ) LIMIT 1   [ RunTime:0.0010s ]
NOTIC: [2048] Declaration of Common\Model\NewsModel::find() should be compatible with Think\Model::find($options = Array) E:\WWW\project\Application\Common\Model\NewsModel.class.php 第 127 行.
SQL: SHOW COLUMNS FROM `cms_news` [ RunTime:0.0060s ]
SQL: SELECT * FROM `cms_news` WHERE `status` = 1 ORDER BY count desc,news_id desc LIMIT 10   [ RunTime:0.0010s ]
NOTIC: [2048] Declaration of Common\Model\PositioncontentModel::find() should be compatible with Think\Model::find($options = Array) E:\WWW\project\Application\Common\Model\PositioncontentModel.class.php 第 75 行.
SQL: SHOW COLUMNS FROM `cms_position_content` [ RunTime:0.0060s ]
NOTIC: [8] Undefined index: title E:\WWW\project\Application\Common\Model\PositioncontentModel.class.php 第 15 行.
SQL: SELECT * FROM `cms_position_content` WHERE `status` = 1 AND `position_id` = 5 ORDER BY listorder desc,id desc LIMIT 2   [ RunTime:0.0000s ]
NOTIC: [8] Undefined index: p E:\WWW\project\Application\Home\Controller\CatController.class.php 第 25 行.
NOTIC: [8] Undefined index: title E:\WWW\project\Application\Common\Model\NewsModel.class.php 第 26 行.
SQL: SELECT * FROM `cms_news` WHERE `status` <> -1 AND `thumb` <> '' AND `catid` = 12 ORDER BY listorder desc ,news_id desc LIMIT 0,2   [ RunTime:0.0010s ]
NOTIC: [8] Undefined index: title E:\WWW\project\Application\Common\Model\NewsModel.class.php 第 40 行.
SQL: SELECT COUNT(*) AS tp_count FROM `cms_news` WHERE `status` <> -1 AND `thumb` <> '' AND `catid` = 12 LIMIT 1   [ RunTime:0.0010s ]
SQL: SELECT * FROM `cms_ddos` LIMIT 1   [ RunTime:0.0010s ]
SQL: DELETE FROM `cms_visit_logs` WHERE ( TIME < '1480682873' AND TYPE = 'ddos' ) [ RunTime:0.0000s ]
SQL: DELETE FROM `cms_lock_logs` WHERE ( 1480683373 > ENDTIME ) [ RunTime:0.0000s ]
SQL: SELECT * FROM `cms_lock_logs` WHERE ( IP='127.0.0.1' AND ENDTIME > '1480683373' ) LIMIT 1   [ RunTime:0.0000s ]
SQL: INSERT INTO `cms_visit_logs` (`IP`,`TIME`,`TYPE`) VALUES ('127.0.0.1','1480683373','ddos') [ RunTime:0.0000s ]
SQL: SELECT COUNT(*) AS tp_count FROM `cms_visit_logs` WHERE ( IP = '127.0.0.1' AND TYPE = 'ddos' ) LIMIT 1   [ RunTime:0.0010s ]
INFO: [ view_parse ] --START--
INFO: [ template_filter ] --START--
INFO: Run Behavior\ContentReplaceBehavior [ RunTime:0.000000s ]
INFO: [ template_filter ] --END-- [ RunTime:0.000000s ]
NOTIC: [2048] Declaration of Common\Model\BasicModel::save() should be compatible with Think\Model::save($data = '', $options = Array) E:\WWW\project\Application\Common\Model\BasicModel.class.php 第 19 行.
NOTIC: [2048] Declaration of Common\Model\BasicModel::select() should be compatible with Think\Model::select($options = Array) E:\WWW\project\Application\Common\Model\BasicModel.class.php 第 19 行.
SQL: SELECT * FROM `cms_menu` WHERE `status` = 1 AND `type` = 0 ORDER BY listorder desc,menu_id desc  [ RunTime:0.0010s ]
NOTIC: [8] Undefined index: name E:\WWW\project\Application\Runtime\Cache\Home\14fcc139096cfd1d2075eb8db7e60b1e.php 第 71 行.
INFO: Run Behavior\ParseTemplateBehavior [ RunTime:0.020001s ]
INFO: [ view_parse ] --END-- [ RunTime:0.020001s ]
INFO: [ view_filter ] --START--
INFO: Run Behavior\WriteHtmlCacheBehavior [ RunTime:0.000000s ]
INFO: [ view_filter ] --END-- [ RunTime:0.000000s ]
INFO: [ app_end ] --START--
INFO: Run Behavior\ShowPageTraceBehavior [ RunTime:0.001000s ]
INFO: [ app_end ] --END-- [ RunTime:0.001000s ]

[ 2016-12-02T20:56:14+08:00 ] 127.0.0.1 /index.php?c=cat&id=3
INFO: [ app_init ] --START--
INFO: Run Behavior\BuildLiteBehavior [ RunTime:0.000000s ]
INFO: [ app_init ] --END-- [ RunTime:0.000000s ]
INFO: [ app_begin ] --START--
INFO: Run Behavior\ReadHtmlCacheBehavior [ RunTime:0.001000s ]
INFO: [ app_begin ] --END-- [ RunTime:0.001000s ]
NOTIC: [2048] Declaration of Home\Controller\CommonController::error() should be compatible with Think\Controller::error($message = '', $jumpUrl = '', $ajax = false) E:\WWW\project\Application\Home\Controller\CommonController.class.php 第 32 行.
SQL: SHOW COLUMNS FROM `cms_ddos` [ RunTime:0.0050s ]
SQL: SELECT * FROM `cms_ddos` LIMIT 1   [ RunTime:0.0010s ]
SQL: SHOW COLUMNS FROM `cms_visit_logs` [ RunTime:0.0060s ]
SQL: DELETE FROM `cms_visit_logs` WHERE ( TIME < '1480682874' AND TYPE = 'ddos' ) [ RunTime:0.0000s ]
SQL: SHOW COLUMNS FROM `cms_lock_logs` [ RunTime:0.0040s ]
SQL: DELETE FROM `cms_lock_logs` WHERE ( 1480683374 > ENDTIME ) [ RunTime:0.0000s ]
SQL: SELECT * FROM `cms_lock_logs` WHERE ( IP='127.0.0.1' AND ENDTIME > '1480683374' ) LIMIT 1   [ RunTime:0.0000s ]
SQL: INSERT INTO `cms_visit_logs` (`IP`,`TIME`,`TYPE`) VALUES ('127.0.0.1','1480683374','ddos') [ RunTime:0.0010s ]
SQL: SELECT COUNT(*) AS tp_count FROM `cms_visit_logs` WHERE ( IP = '127.0.0.1' AND TYPE = 'ddos' ) LIMIT 1   [ RunTime:0.0000s ]
SQL: SHOW COLUMNS FROM `cms_sql` [ RunTime:0.0040s ]
SQL: SELECT * FROM `cms_sql` LIMIT 1   [ RunTime:0.0000s ]
SQL: DELETE FROM `cms_visit_logs` WHERE ( TIME < '1480683372' AND TYPE = 'sql' ) [ RunTime:0.0000s ]
SQL: DELETE FROM `cms_lock_logs` WHERE ( 1480683374 > ENDTIME ) [ RunTime:0.0010s ]
SQL: SELECT * FROM `cms_lock_logs` WHERE ( IP='127.0.0.1' AND ENDTIME > '1480683374' ) LIMIT 1   [ RunTime:0.0000s ]
SQL: SELECT COUNT(*) AS tp_count FROM `cms_visit_logs` WHERE ( IP = '127.0.0.1' AND TYPE = 'sql' ) LIMIT 1   [ RunTime:0.0000s ]
NOTIC: [2048] Declaration of Common\Model\MenuModel::find() should be compatible with Think\Model::find($options = Array) E:\WWW\project\Application\Common\Model\MenuModel.class.php 第 102 行.
SQL: SHOW COLUMNS FROM `cms_menu` [ RunTime:0.0050s ]
SQL: SELECT * FROM `cms_menu` WHERE ( menu_id=3 ) LIMIT 1   [ RunTime:0.0010s ]
NOTIC: [2048] Declaration of Common\Model\NewsModel::find() should be compatible with Think\Model::find($options = Array) E:\WWW\project\Application\Common\Model\NewsModel.class.php 第 127 行.
SQL: SHOW COLUMNS FROM `cms_news` [ RunTime:0.0040s ]
SQL: SELECT * FROM `cms_news` WHERE `status` = 1 ORDER BY count desc,news_id desc LIMIT 10   [ RunTime:0.0010s ]
NOTIC: [2048] Declaration of Common\Model\PositioncontentModel::find() should be compatible with Think\Model::find($options = Array) E:\WWW\project\Application\Common\Model\PositioncontentModel.class.php 第 75 行.
SQL: SHOW COLUMNS FROM `cms_position_content` [ RunTime:0.0060s ]
NOTIC: [8] Undefined index: title E:\WWW\project\Application\Common\Model\PositioncontentModel.class.php 第 15 行.
SQL: SELECT * FROM `cms_position_content` WHERE `status` = 1 AND `position_id` = 5 ORDER BY listorder desc,id desc LIMIT 2   [ RunTime:0.0000s ]
NOTIC: [8] Undefined index: p E:\WWW\project\Application\Home\Controller\CatController.class.php 第 25 行.
NOTIC: [8] Undefined index: title E:\WWW\project\Application\Common\Model\NewsModel.class.php 第 26 行.
SQL: SELECT * FROM `cms_news` WHERE `status` <> -1 AND `thumb` <> '' AND `catid` = 3 ORDER BY listorder desc ,news_id desc LIMIT 0,2   [ RunTime:0.0010s ]
NOTIC: [8] Undefined index: title E:\WWW\project\Application\Common\Model\NewsModel.class.php 第 40 行.
SQL: SELECT COUNT(*) AS tp_count FROM `cms_news` WHERE `status` <> -1 AND `thumb` <> '' AND `catid` = 3 LIMIT 1   [ RunTime:0.0000s ]
SQL: SELECT * FROM `cms_ddos` LIMIT 1   [ RunTime:0.0010s ]
SQL: DELETE FROM `cms_visit_logs` WHERE ( TIME < '1480682874' AND TYPE = 'ddos' ) [ RunTime:0.0000s ]
SQL: DELETE FROM `cms_lock_logs` WHERE ( 1480683374 > ENDTIME ) [ RunTime:0.0010s ]
SQL: SELECT * FROM `cms_lock_logs` WHERE ( IP='127.0.0.1' AND ENDTIME > '1480683374' ) LIMIT 1   [ RunTime:0.0000s ]
SQL: INSERT INTO `cms_visit_logs` (`IP`,`TIME`,`TYPE`) VALUES ('127.0.0.1','1480683374','ddos') [ RunTime:0.0010s ]
SQL: SELECT COUNT(*) AS tp_count FROM `cms_visit_logs` WHERE ( IP = '127.0.0.1' AND TYPE = 'ddos' ) LIMIT 1   [ RunTime:0.0000s ]
INFO: [ view_parse ] --START--
INFO: [ template_filter ] --START--
INFO: Run Behavior\ContentReplaceBehavior [ RunTime:0.000000s ]
INFO: [ template_filter ] --END-- [ RunTime:0.001000s ]
NOTIC: [2048] Declaration of Common\Model\BasicModel::save() should be compatible with Think\Model::save($data = '', $options = Array) E:\WWW\project\Application\Common\Model\BasicModel.class.php 第 19 行.
NOTIC: [2048] Declaration of Common\Model\BasicModel::select() should be compatible with Think\Model::select($options = Array) E:\WWW\project\Application\Common\Model\BasicModel.class.php 第 19 行.
SQL: SELECT * FROM `cms_menu` WHERE `status` = 1 AND `type` = 0 ORDER BY listorder desc,menu_id desc  [ RunTime:0.0000s ]
NOTIC: [8] Undefined index: name E:\WWW\project\Application\Runtime\Cache\Home\14fcc139096cfd1d2075eb8db7e60b1e.php 第 71 行.
INFO: Run Behavior\ParseTemplateBehavior [ RunTime:0.020001s ]
INFO: [ view_parse ] --END-- [ RunTime:0.020001s ]
INFO: [ view_filter ] --START--
INFO: Run Behavior\WriteHtmlCacheBehavior [ RunTime:0.000000s ]
INFO: [ view_filter ] --END-- [ RunTime:0.000000s ]
INFO: [ app_end ] --START--
INFO: Run Behavior\ShowPageTraceBehavior [ RunTime:0.001000s ]
INFO: [ app_end ] --END-- [ RunTime:0.001000s ]

[ 2016-12-02T20:56:14+08:00 ] 127.0.0.1 /index.php?c=cat&id=20
INFO: [ app_init ] --START--
INFO: Run Behavior\BuildLiteBehavior [ RunTime:0.000000s ]
INFO: [ app_init ] --END-- [ RunTime:0.000000s ]
INFO: [ app_begin ] --START--
INFO: Run Behavior\ReadHtmlCacheBehavior [ RunTime:0.001000s ]
INFO: [ app_begin ] --END-- [ RunTime:0.001000s ]
NOTIC: [2048] Declaration of Home\Controller\CommonController::error() should be compatible with Think\Controller::error($message = '', $jumpUrl = '', $ajax = false) E:\WWW\project\Application\Home\Controller\CommonController.class.php 第 32 行.
SQL: SHOW COLUMNS FROM `cms_ddos` [ RunTime:0.0050s ]
SQL: SELECT * FROM `cms_ddos` LIMIT 1   [ RunTime:0.0010s ]
SQL: SHOW COLUMNS FROM `cms_visit_logs` [ RunTime:0.0070s ]
SQL: DELETE FROM `cms_visit_logs` WHERE ( TIME < '1480682874' AND TYPE = 'ddos' ) [ RunTime:0.0000s ]
SQL: SHOW COLUMNS FROM `cms_lock_logs` [ RunTime:0.0060s ]
SQL: DELETE FROM `cms_lock_logs` WHERE ( 1480683374 > ENDTIME ) [ RunTime:0.0010s ]
SQL: SELECT * FROM `cms_lock_logs` WHERE ( IP='127.0.0.1' AND ENDTIME > '1480683374' ) LIMIT 1   [ RunTime:0.0000s ]
SQL: INSERT INTO `cms_visit_logs` (`IP`,`TIME`,`TYPE`) VALUES ('127.0.0.1','1480683374','ddos') [ RunTime:0.0010s ]
SQL: SELECT COUNT(*) AS tp_count FROM `cms_visit_logs` WHERE ( IP = '127.0.0.1' AND TYPE = 'ddos' ) LIMIT 1   [ RunTime:0.0000s ]
SQL: SHOW COLUMNS FROM `cms_sql` [ RunTime:0.0060s ]
SQL: SELECT * FROM `cms_sql` LIMIT 1   [ RunTime:0.0010s ]
SQL: DELETE FROM `cms_visit_logs` WHERE ( TIME < '1480683372' AND TYPE = 'sql' ) [ RunTime:0.0000s ]
SQL: DELETE FROM `cms_lock_logs` WHERE ( 1480683374 > ENDTIME ) [ RunTime:0.0010s ]
SQL: SELECT * FROM `cms_lock_logs` WHERE ( IP='127.0.0.1' AND ENDTIME > '1480683374' ) LIMIT 1   [ RunTime:0.0010s ]
SQL: SELECT COUNT(*) AS tp_count FROM `cms_visit_logs` WHERE ( IP = '127.0.0.1' AND TYPE = 'sql' ) LIMIT 1   [ RunTime:0.0010s ]
NOTIC: [2048] Declaration of Common\Model\MenuModel::find() should be compatible with Think\Model::find($options = Array) E:\WWW\project\Application\Common\Model\MenuModel.class.php 第 102 行.
SQL: SHOW COLUMNS FROM `cms_menu` [ RunTime:0.0060s ]
SQL: SELECT * FROM `cms_menu` WHERE ( menu_id=20 ) LIMIT 1   [ RunTime:0.0010s ]
NOTIC: [2048] Declaration of Common\Model\NewsModel::find() should be compatible with Think\Model::find($options = Array) E:\WWW\project\Application\Common\Model\NewsModel.class.php 第 127 行.
SQL: SHOW COLUMNS FROM `cms_news` [ RunTime:0.0060s ]
SQL: SELECT * FROM `cms_news` WHERE `status` = 1 ORDER BY count desc,news_id desc LIMIT 10   [ RunTime:0.0010s ]
NOTIC: [2048] Declaration of Common\Model\PositioncontentModel::find() should be compatible with Think\Model::find($options = Array) E:\WWW\project\Application\Common\Model\PositioncontentModel.class.php 第 75 行.
SQL: SHOW COLUMNS FROM `cms_position_content` [ RunTime:0.0060s ]
NOTIC: [8] Undefined index: title E:\WWW\project\Application\Common\Model\PositioncontentModel.class.php 第 15 行.
SQL: SELECT * FROM `cms_position_content` WHERE `status` = 1 AND `position_id` = 5 ORDER BY listorder desc,id desc LIMIT 2   [ RunTime:0.0020s ]
NOTIC: [8] Undefined index: p E:\WWW\project\Application\Home\Controller\CatController.class.php 第 25 行.
NOTIC: [8] Undefined index: title E:\WWW\project\Application\Common\Model\NewsModel.class.php 第 26 行.
SQL: SELECT * FROM `cms_news` WHERE `status` <> -1 AND `thumb` <> '' AND `catid` = 20 ORDER BY listorder desc ,news_id desc LIMIT 0,2   [ RunTime:0.0000s ]
NOTIC: [8] Undefined index: title E:\WWW\project\Application\Common\Model\NewsModel.class.php 第 40 行.
SQL: SELECT COUNT(*) AS tp_count FROM `cms_news` WHERE `status` <> -1 AND `thumb` <> '' AND `catid` = 20 LIMIT 1   [ RunTime:0.0000s ]
SQL: SELECT * FROM `cms_ddos` LIMIT 1   [ RunTime:0.0000s ]
SQL: DELETE FROM `cms_visit_logs` WHERE ( TIME < '1480682874' AND TYPE = 'ddos' ) [ RunTime:0.0000s ]
SQL: DELETE FROM `cms_lock_logs` WHERE ( 1480683374 > ENDTIME ) [ RunTime:0.0000s ]
SQL: SELECT * FROM `cms_lock_logs` WHERE ( IP='127.0.0.1' AND ENDTIME > '1480683374' ) LIMIT 1   [ RunTime:0.0000s ]
SQL: INSERT INTO `cms_visit_logs` (`IP`,`TIME`,`TYPE`) VALUES ('127.0.0.1','1480683374','ddos') [ RunTime:0.0000s ]
SQL: SELECT COUNT(*) AS tp_count FROM `cms_visit_logs` WHERE ( IP = '127.0.0.1' AND TYPE = 'ddos' ) LIMIT 1   [ RunTime:0.0000s ]
INFO: [ view_parse ] --START--
INFO: [ template_filter ] --START--
INFO: Run Behavior\ContentReplaceBehavior [ RunTime:0.000000s ]
INFO: [ template_filter ] --END-- [ RunTime:0.000000s ]
NOTIC: [2048] Declaration of Common\Model\BasicModel::save() should be compatible with Think\Model::save($data = '', $options = Array) E:\WWW\project\Application\Common\Model\BasicModel.class.php 第 19 行.
NOTIC: [2048] Declaration of Common\Model\BasicModel::select() should be compatible with Think\Model::select($options = Array) E:\WWW\project\Application\Common\Model\BasicModel.class.php 第 19 行.
SQL: SELECT * FROM `cms_menu` WHERE `status` = 1 AND `type` = 0 ORDER BY listorder desc,menu_id desc  [ RunTime:0.0010s ]
NOTIC: [8] Undefined index: name E:\WWW\project\Application\Runtime\Cache\Home\14fcc139096cfd1d2075eb8db7e60b1e.php 第 71 行.
INFO: Run Behavior\ParseTemplateBehavior [ RunTime:0.014001s ]
INFO: [ view_parse ] --END-- [ RunTime:0.014001s ]
INFO: [ view_filter ] --START--
INFO: Run Behavior\WriteHtmlCacheBehavior [ RunTime:0.000000s ]
INFO: [ view_filter ] --END-- [ RunTime:0.000000s ]
INFO: [ app_end ] --START--
INFO: Run Behavior\ShowPageTraceBehavior [ RunTime:0.001000s ]
INFO: [ app_end ] --END-- [ RunTime:0.001000s ]

[ 2016-12-02T20:56:15+08:00 ] 127.0.0.1 /index.php?c=index&a=getCount
INFO: [ app_init ] --START--
INFO: Run Behavior\BuildLiteBehavior [ RunTime:0.000000s ]
INFO: [ app_init ] --END-- [ RunTime:0.002000s ]
INFO: [ app_begin ] --START--
INFO: Run Behavior\ReadHtmlCacheBehavior [ RunTime:0.002000s ]
INFO: [ app_begin ] --END-- [ RunTime:0.002000s ]
NOTIC: [2048] Declaration of Home\Controller\CommonController::error() should be compatible with Think\Controller::error($message = '', $jumpUrl = '', $ajax = false) E:\WWW\project\Application\Home\Controller\CommonController.class.php 第 32 行.
SQL: SHOW COLUMNS FROM `cms_ddos` [ RunTime:0.0140s ]
SQL: SELECT * FROM `cms_ddos` LIMIT 1   [ RunTime:0.0010s ]
SQL: SHOW COLUMNS FROM `cms_visit_logs` [ RunTime:0.0130s ]
SQL: DELETE FROM `cms_visit_logs` WHERE ( TIME < '1480682875' AND TYPE = 'ddos' ) [ RunTime:0.0010s ]
SQL: SHOW COLUMNS FROM `cms_lock_logs` [ RunTime:0.0110s ]
SQL: DELETE FROM `cms_lock_logs` WHERE ( 1480683375 > ENDTIME ) [ RunTime:0.0000s ]
SQL: SELECT * FROM `cms_lock_logs` WHERE ( IP='127.0.0.1' AND ENDTIME > '1480683375' ) LIMIT 1   [ RunTime:0.0000s ]
SQL: INSERT INTO `cms_visit_logs` (`IP`,`TIME`,`TYPE`) VALUES ('127.0.0.1','1480683375','ddos') [ RunTime:0.0010s ]
SQL: SELECT COUNT(*) AS tp_count FROM `cms_visit_logs` WHERE ( IP = '127.0.0.1' AND TYPE = 'ddos' ) LIMIT 1   [ RunTime:0.0000s ]
SQL: SHOW COLUMNS FROM `cms_sql` [ RunTime:0.0140s ]
SQL: SELECT * FROM `cms_sql` LIMIT 1   [ RunTime:0.0010s ]
SQL: DELETE FROM `cms_visit_logs` WHERE ( TIME < '1480683373' AND TYPE = 'sql' ) [ RunTime:0.0010s ]
SQL: DELETE FROM `cms_lock_logs` WHERE ( 1480683375 > ENDTIME ) [ RunTime:0.0000s ]
SQL: SELECT * FROM `cms_lock_logs` WHERE ( IP='127.0.0.1' AND ENDTIME > '1480683375' ) LIMIT 1   [ RunTime:0.0010s ]
SQL: SELECT COUNT(*) AS tp_count FROM `cms_visit_logs` WHERE ( IP = '127.0.0.1' AND TYPE = 'sql' ) LIMIT 1   [ RunTime:0.0010s ]
NOTIC: [2048] Declaration of Common\Model\NewsModel::find() should be compatible with Think\Model::find($options = Array) E:\WWW\project\Application\Common\Model\NewsModel.class.php 第 127 行.
SQL: SHOW COLUMNS FROM `cms_news` [ RunTime:0.0120s ]
SQL: SELECT * FROM `cms_news` WHERE `news_id` IN ('44','53','51','50','49','48','47','46','43')  [ RunTime:0.0010s ]

