[ 2016-11-22T19:40:11+08:00 ] 127.0.0.1 /project/
INFO: [ app_init ] --START--
INFO: Run Behavior\BuildLiteBehavior [ RunTime:0.000000s ]
INFO: [ app_init ] --END-- [ RunTime:0.001000s ]
INFO: [ app_begin ] --START--
INFO: Run Behavior\ReadHtmlCacheBehavior [ RunTime:0.001001s ]
INFO: [ app_begin ] --END-- [ RunTime:0.001001s ]
NOTIC: [2048] Declaration of Home\Controller\CommonController::error() should be compatible with that of Think\Controller::error() E:\WWW\project\Application\Home\Controller\CommonController.class.php 第 32 行.
SQL: SHOW COLUMNS FROM `cms_ddos` [ RunTime:0.0410s ]
SQL: SELECT * FROM `cms_ddos` LIMIT 1   [ RunTime:0.0010s ]
SQL: SHOW COLUMNS FROM `cms_visit_logs` [ RunTime:0.0320s ]
SQL: DELETE FROM `cms_visit_logs` WHERE ( TIME < '1479814808' AND TYPE = 'ddos' ) [ RunTime:0.0100s ]
SQL: SHOW COLUMNS FROM `cms_lock_logs` [ RunTime:0.0430s ]
SQL: DELETE FROM `cms_lock_logs` WHERE ( 1479814810 > ENDTIME ) [ RunTime:0.0140s ]
SQL: SELECT * FROM `cms_lock_logs` WHERE ( IP='127.0.0.1' AND ENDTIME > '1479814810' ) LIMIT 1   [ RunTime:0.0000s ]
SQL: INSERT INTO `cms_visit_logs` (`IP`,`TIME`,`TYPE`) VALUES ('127.0.0.1','1479814810','ddos') [ RunTime:0.0010s ]
SQL: SELECT COUNT(*) AS tp_count FROM `cms_visit_logs` WHERE ( IP = '127.0.0.1' AND TYPE = 'ddos' ) LIMIT 1   [ RunTime:0.0000s ]
SQL: SHOW COLUMNS FROM `cms_sql` [ RunTime:0.0190s ]
SQL: SELECT * FROM `cms_sql` LIMIT 1   [ RunTime:0.0000s ]
SQL: DELETE FROM `cms_visit_logs` WHERE ( TIME < '1479814808' AND TYPE = 'sql' ) [ RunTime:0.0000s ]
SQL: DELETE FROM `cms_lock_logs` WHERE ( 1479814810 > ENDTIME ) [ RunTime:0.0000s ]
SQL: SELECT * FROM `cms_lock_logs` WHERE ( IP='127.0.0.1' AND ENDTIME > '1479814810' ) LIMIT 1   [ RunTime:0.0010s ]
SQL: SELECT COUNT(*) AS tp_count FROM `cms_visit_logs` WHERE ( IP = '127.0.0.1' AND TYPE = 'sql' ) LIMIT 1   [ RunTime:0.0000s ]
NOTIC: [2048] Declaration of Common\Model\NewsModel::find() should be compatible with that of Think\Model::find() E:\WWW\project\Application\Common\Model\NewsModel.class.php 第 127 行.
SQL: SHOW COLUMNS FROM `cms_news` [ RunTime:0.0350s ]
SQL: SELECT * FROM `cms_news` WHERE `status` = 1 ORDER BY count desc,news_id desc LIMIT 10   [ RunTime:0.0130s ]
NOTIC: [2048] Declaration of Common\Model\PositioncontentModel::find() should be compatible with that of Think\Model::find() E:\WWW\project\Application\Common\Model\PositioncontentModel.class.php 第 75 行.
SQL: SHOW COLUMNS FROM `cms_position_content` [ RunTime:0.0320s ]
NOTIC: [8] Undefined index: title E:\WWW\project\Application\Common\Model\PositioncontentModel.class.php 第 15 行.
SQL: SELECT * FROM `cms_position_content` WHERE `status` = 1 AND `position_id` = 2 ORDER BY listorder desc,id desc LIMIT 1   [ RunTime:0.0150s ]
NOTIC: [8] Undefined index: title E:\WWW\project\Application\Common\Model\PositioncontentModel.class.php 第 15 行.
SQL: SELECT * FROM `cms_position_content` WHERE `status` = 1 AND `position_id` = 3 ORDER BY listorder desc,id desc LIMIT 3   [ RunTime:0.0000s ]
SQL: SELECT * FROM `cms_news` WHERE `status` = 1 AND `thumb` <> '' ORDER BY news_id desc LIMIT 30   [ RunTime:0.0000s ]
NOTIC: [8] Undefined index: title E:\WWW\project\Application\Common\Model\PositioncontentModel.class.php 第 15 行.
SQL: SELECT * FROM `cms_position_content` WHERE `status` = 1 AND `position_id` = 5 ORDER BY listorder desc,id desc LIMIT 2   [ RunTime:0.0000s ]
INFO: [ view_parse ] --START--
INFO: [ template_filter ] --START--
INFO: Run Behavior\ContentReplaceBehavior [ RunTime:0.000000s ]
INFO: [ template_filter ] --END-- [ RunTime:0.000000s ]
NOTIC: [2048] Declaration of Common\Model\BasicModel::save() should be compatible with that of Think\Model::save() E:\WWW\project\Application\Common\Model\BasicModel.class.php 第 19 行.
NOTIC: [2048] Declaration of Common\Model\BasicModel::select() should be compatible with that of Think\Model::select() E:\WWW\project\Application\Common\Model\BasicModel.class.php 第 19 行.
NOTIC: [2048] Declaration of Common\Model\MenuModel::find() should be compatible with that of Think\Model::find() E:\WWW\project\Application\Common\Model\MenuModel.class.php 第 102 行.
SQL: SHOW COLUMNS FROM `cms_menu` [ RunTime:0.0240s ]
SQL: SELECT * FROM `cms_menu` WHERE `status` = 1 AND `type` = 0 ORDER BY listorder desc,menu_id desc  [ RunTime:0.0250s ]
NOTIC: [8] Undefined index: name E:\WWW\project\Application\Runtime\Cache\Home\2a94b8bda04ff446dcedd42276fc99ee.php 第 78 行.
INFO: Run Behavior\ParseTemplateBehavior [ RunTime:0.202011s ]
INFO: [ view_parse ] --END-- [ RunTime:0.202011s ]
INFO: [ view_filter ] --START--
INFO: Run Behavior\WriteHtmlCacheBehavior [ RunTime:0.023002s ]
INFO: [ view_filter ] --END-- [ RunTime:0.023002s ]
INFO: [ app_end ] --START--
INFO: Run Behavior\ShowPageTraceBehavior [ RunTime:0.011000s ]
INFO: [ app_end ] --END-- [ RunTime:0.011000s ]

