[ 2016-09-16T15:55:13+08:00 ] 127.0.0.1 /admin.php?c=menu&a=edit&id=1
INFO: [ app_init ] --START--
INFO: Run Behavior\BuildLiteBehavior [ RunTime:0.000000s ]
INFO: [ app_init ] --END-- [ RunTime:0.002000s ]
INFO: [ app_begin ] --START--
INFO: Run Behavior\ReadHtmlCacheBehavior [ RunTime:0.002000s ]
INFO: [ app_begin ] --END-- [ RunTime:0.003000s ]
NOTIC: [2048] Declaration of Common\Model\MenuModel::find() should be compatible with that of Think\Model::find() E:\WWW\project\Application\Common\Model\MenuModel.class.php 第 12 行.
SQL: SHOW COLUMNS FROM `cms_menu` [ RunTime:0.0930s ]
SQL: SELECT * FROM `cms_menu` WHERE ( menu_id=1 ) LIMIT 1   [ RunTime:0.0330s ]
INFO: [ view_parse ] --START--
INFO: [ template_filter ] --START--
INFO: Run Behavior\ContentReplaceBehavior [ RunTime:0.000000s ]
INFO: [ template_filter ] --END-- [ RunTime:0.001000s ]
SQL: SELECT * FROM `cms_menu` WHERE `status` <> -1 AND `type` = 1 ORDER BY listorder desc,menu_id desc  [ RunTime:0.0310s ]
INFO: Run Behavior\ParseTemplateBehavior [ RunTime:0.126007s ]
INFO: [ view_parse ] --END-- [ RunTime:0.126007s ]
INFO: [ view_filter ] --START--
INFO: Run Behavior\WriteHtmlCacheBehavior [ RunTime:0.008000s ]
INFO: [ view_filter ] --END-- [ RunTime:0.008000s ]
INFO: [ app_end ] --START--
INFO: Run Behavior\ShowPageTraceBehavior [ RunTime:0.011001s ]
INFO: [ app_end ] --END-- [ RunTime:0.011001s ]

[ 2016-09-16T16:28:23+08:00 ] 127.0.0.1 /admin.php?c=menu&a=add
INFO: [ app_init ] --START--
INFO: Run Behavior\BuildLiteBehavior [ RunTime:0.000000s ]
INFO: [ app_init ] --END-- [ RunTime:0.001000s ]
INFO: [ app_begin ] --START--
INFO: Run Behavior\ReadHtmlCacheBehavior [ RunTime:0.003000s ]
INFO: [ app_begin ] --END-- [ RunTime:0.003000s ]
NOTIC: [2048] Declaration of Common\Model\MenuModel::find() should be compatible with that of Think\Model::find() E:\WWW\project\Application\Common\Model\MenuModel.class.php 第 12 行.
SQL: SHOW COLUMNS FROM `cms_menu` [ RunTime:0.0100s ]
SQL: UPDATE `cms_menu` SET `name`='菜单管理',`type`='1',`m`='admin',`c`='menu',`f`='index',`status`='1' WHERE ( menu_id=1 ) [ RunTime:0.0000s ]

[ 2016-09-16T19:07:23+08:00 ] 127.0.0.1 /admin.php
INFO: [ app_init ] --START--
INFO: Run Behavior\BuildLiteBehavior [ RunTime:0.000000s ]
INFO: [ app_init ] --END-- [ RunTime:0.006001s ]
INFO: [ app_begin ] --START--
INFO: Run Behavior\ReadHtmlCacheBehavior [ RunTime:0.005001s ]
INFO: [ app_begin ] --END-- [ RunTime:0.006001s ]
NOTIC: [8] Undefined variable: module E:\WWW\project\ThinkPHP\Common\functions.php 第 997 行.
NOTIC: [8] Undefined variable: var E:\WWW\project\ThinkPHP\Common\functions.php 第 1002 行.
NOTIC: [2] array_reverse() expects parameter 1 to be array, null given E:\WWW\project\ThinkPHP\Common\functions.php 第 1002 行.
NOTIC: [2] http_build_query() [<a href='function.http-build-query'>function.http-build-query</a>]: Parameter 1 expected to be Array or Object.  Incorrect value given E:\WWW\project\ThinkPHP\Common\functions.php 第 1002 行.

[ 2016-09-16T19:07:23+08:00 ] 127.0.0.1 /admin.php?&c=login
INFO: [ app_init ] --START--
INFO: Run Behavior\BuildLiteBehavior [ RunTime:0.000000s ]
INFO: [ app_init ] --END-- [ RunTime:0.001000s ]
INFO: [ app_begin ] --START--
INFO: Run Behavior\ReadHtmlCacheBehavior [ RunTime:0.002000s ]
INFO: [ app_begin ] --END-- [ RunTime:0.002000s ]
INFO: [ view_parse ] --START--
INFO: [ template_filter ] --START--
INFO: Run Behavior\ContentReplaceBehavior [ RunTime:0.000000s ]
INFO: [ template_filter ] --END-- [ RunTime:0.000000s ]
INFO: Run Behavior\ParseTemplateBehavior [ RunTime:0.049003s ]
INFO: [ view_parse ] --END-- [ RunTime:0.049003s ]
INFO: [ view_filter ] --START--
INFO: Run Behavior\WriteHtmlCacheBehavior [ RunTime:0.017001s ]
INFO: [ view_filter ] --END-- [ RunTime:0.017001s ]
INFO: [ app_end ] --START--
INFO: Run Behavior\ShowPageTraceBehavior [ RunTime:0.011000s ]
INFO: [ app_end ] --END-- [ RunTime:0.011000s ]

[ 2016-09-16T19:07:32+08:00 ] 127.0.0.1 /index.php?m=admin&c=login&a=check
INFO: [ app_init ] --START--
INFO: Run Behavior\BuildLiteBehavior [ RunTime:0.001000s ]
INFO: [ app_init ] --END-- [ RunTime:0.001000s ]
INFO: [ app_begin ] --START--
INFO: Run Behavior\ReadHtmlCacheBehavior [ RunTime:0.001000s ]
INFO: [ app_begin ] --END-- [ RunTime:0.001000s ]
SQL: SHOW COLUMNS FROM `cms_admin` [ RunTime:0.0700s ]
SQL: SELECT * FROM `cms_admin` WHERE ( username="admin" ) LIMIT 1   [ RunTime:0.0080s ]

[ 2016-09-16T19:07:38+08:00 ] 127.0.0.1 /index.php?m=admin&c=login&a=check
INFO: [ app_init ] --START--
INFO: Run Behavior\BuildLiteBehavior [ RunTime:0.000000s ]
INFO: [ app_init ] --END-- [ RunTime:0.001000s ]
INFO: [ app_begin ] --START--
INFO: Run Behavior\ReadHtmlCacheBehavior [ RunTime:0.003000s ]
INFO: [ app_begin ] --END-- [ RunTime:0.003000s ]
SQL: SHOW COLUMNS FROM `cms_admin` [ RunTime:0.0070s ]
SQL: SELECT * FROM `cms_admin` WHERE ( username="admin" ) LIMIT 1   [ RunTime:0.0010s ]
SQL: UPDATE `cms_admin` SET `lastlogintime`='1474024058' WHERE ( admin_id=1 ) [ RunTime:0.0010s ]

[ 2016-09-16T19:07:40+08:00 ] 127.0.0.1 /index.php?m=admin&c=index
INFO: [ app_init ] --START--
INFO: Run Behavior\BuildLiteBehavior [ RunTime:0.000000s ]
INFO: [ app_init ] --END-- [ RunTime:0.001000s ]
INFO: [ app_begin ] --START--
INFO: Run Behavior\ReadHtmlCacheBehavior [ RunTime:0.002000s ]
INFO: [ app_begin ] --END-- [ RunTime:0.002000s ]
NOTIC: [2048] Declaration of Common\Model\NewsModel::find() should be compatible with that of Think\Model::find() E:\WWW\project\Application\Common\Model\NewsModel.class.php 第 7 行.
SQL: SHOW COLUMNS FROM `cms_news` [ RunTime:0.0610s ]
SQL: SELECT * FROM `cms_news` WHERE `status` = 1 ORDER BY count desc LIMIT 1   [ RunTime:0.0250s ]
NOTIC: [8] Undefined index: title E:\WWW\project\Application\Common\Model\NewsModel.class.php 第 40 行.
NOTIC: [8] Undefined index: catid E:\WWW\project\Application\Common\Model\NewsModel.class.php 第 43 行.
SQL: SELECT COUNT(*) AS tp_count FROM `cms_news` WHERE `status` <> -1 LIMIT 1   [ RunTime:0.0110s ]
NOTIC: [2048] Declaration of Common\Model\PositionModel::find() should be compatible with that of Think\Model::find() E:\WWW\project\Application\Common\Model\PositionModel.class.php 第 70 行.
SQL: SHOW COLUMNS FROM `cms_position` [ RunTime:0.0770s ]
SQL: SELECT COUNT(*) AS tp_count FROM `cms_position` WHERE `status` = 1 LIMIT 1   [ RunTime:0.0010s ]
SQL: SHOW COLUMNS FROM `cms_admin` [ RunTime:0.0090s ]
SQL: SELECT COUNT(*) AS tp_count FROM `cms_admin` WHERE `status` = 1 AND `lastlogintime` > 1473955200 LIMIT 1   [ RunTime:0.0010s ]
INFO: [ view_parse ] --START--
INFO: [ template_filter ] --START--
INFO: Run Behavior\ContentReplaceBehavior [ RunTime:0.000000s ]
INFO: [ template_filter ] --END-- [ RunTime:0.000000s ]
NOTIC: [2048] Declaration of Common\Model\MenuModel::find() should be compatible with that of Think\Model::find() E:\WWW\project\Application\Common\Model\MenuModel.class.php 第 102 行.
SQL: SHOW COLUMNS FROM `cms_menu` [ RunTime:0.0160s ]
SQL: SELECT * FROM `cms_menu` WHERE `status` <> -1 AND `type` = 1 ORDER BY listorder desc,menu_id desc  [ RunTime:0.0220s ]
INFO: Run Behavior\ParseTemplateBehavior [ RunTime:0.161009s ]
INFO: [ view_parse ] --END-- [ RunTime:0.161009s ]
INFO: [ view_filter ] --START--
INFO: Run Behavior\WriteHtmlCacheBehavior [ RunTime:0.002001s ]
INFO: [ view_filter ] --END-- [ RunTime:0.002001s ]
INFO: [ app_end ] --START--
INFO: Run Behavior\ShowPageTraceBehavior [ RunTime:0.023001s ]
INFO: [ app_end ] --END-- [ RunTime:0.024001s ]

[ 2016-09-16T19:57:26+08:00 ] 127.0.0.1 /admin.php?c=admin
INFO: [ app_init ] --START--
INFO: Run Behavior\BuildLiteBehavior [ RunTime:0.000000s ]
INFO: [ app_init ] --END-- [ RunTime:0.001000s ]
INFO: [ app_begin ] --START--
INFO: Run Behavior\ReadHtmlCacheBehavior [ RunTime:0.001000s ]
INFO: [ app_begin ] --END-- [ RunTime:0.003000s ]
NOTIC: [2048] Declaration of Admin\Controller\AdminController::setStatus() should be compatible with that of Admin\Controller\CommonController::setStatus() E:\WWW\project\Application\Admin\Controller\AdminController.class.php 第 10 行.
SQL: SHOW COLUMNS FROM `cms_admin` [ RunTime:0.0100s ]
SQL: SELECT * FROM `cms_admin` WHERE `status` <> -1 ORDER BY admin_id desc  [ RunTime:0.0030s ]
INFO: [ view_parse ] --START--
INFO: [ template_filter ] --START--
INFO: Run Behavior\ContentReplaceBehavior [ RunTime:0.000000s ]
INFO: [ template_filter ] --END-- [ RunTime:0.000000s ]
NOTIC: [2048] Declaration of Common\Model\MenuModel::find() should be compatible with that of Think\Model::find() E:\WWW\project\Application\Common\Model\MenuModel.class.php 第 102 行.
SQL: SHOW COLUMNS FROM `cms_menu` [ RunTime:0.0090s ]
SQL: SELECT * FROM `cms_menu` WHERE `status` <> -1 AND `type` = 1 ORDER BY listorder desc,menu_id desc  [ RunTime:0.0010s ]
NOTIC: [8] Undefined variable: nav E:\WWW\project\Application\Runtime\Cache\Admin\b682812e058c4f7cab74d08ab9eabe11.php 第 100 行.
INFO: Run Behavior\ParseTemplateBehavior [ RunTime:0.056003s ]
INFO: [ view_parse ] --END-- [ RunTime:0.056003s ]
INFO: [ view_filter ] --START--
INFO: Run Behavior\WriteHtmlCacheBehavior [ RunTime:0.001001s ]
INFO: [ view_filter ] --END-- [ RunTime:0.002001s ]
INFO: [ app_end ] --START--
INFO: Run Behavior\ShowPageTraceBehavior [ RunTime:0.002000s ]
INFO: [ app_end ] --END-- [ RunTime:0.002000s ]

[ 2016-09-16T19:57:31+08:00 ] 127.0.0.1 /admin.php?c=menu
INFO: [ app_init ] --START--
INFO: Run Behavior\BuildLiteBehavior [ RunTime:0.000000s ]
INFO: [ app_init ] --END-- [ RunTime:0.001000s ]
INFO: [ app_begin ] --START--
INFO: Run Behavior\ReadHtmlCacheBehavior [ RunTime:0.007000s ]
INFO: [ app_begin ] --END-- [ RunTime:0.007000s ]
NOTIC: [8] Undefined index: p E:\WWW\project\Application\Admin\Controller\MenuController.class.php 第 22 行.
NOTIC: [8] Undefined index: pagesize E:\WWW\project\Application\Admin\Controller\MenuController.class.php 第 23 行.
NOTIC: [2048] Declaration of Common\Model\MenuModel::find() should be compatible with that of Think\Model::find() E:\WWW\project\Application\Common\Model\MenuModel.class.php 第 12 行.
SQL: SHOW COLUMNS FROM `cms_menu` [ RunTime:0.0090s ]
SQL: SELECT * FROM `cms_menu` WHERE `status` <> -1 ORDER BY  listorder desc,menu_id desc LIMIT 0,3   [ RunTime:0.0010s ]
SQL: SELECT COUNT(*) AS tp_count FROM `cms_menu` WHERE `status` <> -1 LIMIT 1   [ RunTime:0.0010s ]
INFO: [ view_parse ] --START--
INFO: [ template_filter ] --START--
INFO: Run Behavior\ContentReplaceBehavior [ RunTime:0.001000s ]
INFO: [ template_filter ] --END-- [ RunTime:0.001000s ]
SQL: SELECT * FROM `cms_menu` WHERE `status` <> -1 AND `type` = 1 ORDER BY listorder desc,menu_id desc  [ RunTime:0.0010s ]
NOTIC: [8] Undefined variable: nav E:\WWW\project\Application\Runtime\Cache\Admin\b956215329b6f9aca22277599a4efdfc.php 第 100 行.
INFO: Run Behavior\ParseTemplateBehavior [ RunTime:0.042003s ]
INFO: [ view_parse ] --END-- [ RunTime:0.042003s ]
INFO: [ view_filter ] --START--
INFO: Run Behavior\WriteHtmlCacheBehavior [ RunTime:0.002000s ]
INFO: [ view_filter ] --END-- [ RunTime:0.002000s ]
INFO: [ app_end ] --START--
INFO: Run Behavior\ShowPageTraceBehavior [ RunTime:0.003000s ]
INFO: [ app_end ] --END-- [ RunTime:0.005000s ]

[ 2016-09-16T19:57:33+08:00 ] 127.0.0.1 /admin.php?c=menu&a=add
INFO: [ app_init ] --START--
INFO: Run Behavior\BuildLiteBehavior [ RunTime:0.000000s ]
INFO: [ app_init ] --END-- [ RunTime:0.001000s ]
INFO: [ app_begin ] --START--
INFO: Run Behavior\ReadHtmlCacheBehavior [ RunTime:0.001000s ]
INFO: [ app_begin ] --END-- [ RunTime:0.001000s ]
INFO: [ view_parse ] --START--
INFO: [ template_filter ] --START--
INFO: Run Behavior\ContentReplaceBehavior [ RunTime:0.000000s ]
INFO: [ template_filter ] --END-- [ RunTime:0.000000s ]
NOTIC: [2048] Declaration of Common\Model\MenuModel::find() should be compatible with that of Think\Model::find() E:\WWW\project\Application\Common\Model\MenuModel.class.php 第 12 行.
SQL: SHOW COLUMNS FROM `cms_menu` [ RunTime:0.0090s ]
SQL: SELECT * FROM `cms_menu` WHERE `status` <> -1 AND `type` = 1 ORDER BY listorder desc,menu_id desc  [ RunTime:0.0000s ]
NOTIC: [8] Undefined variable: menus E:\WWW\project\Application\Runtime\Cache\Admin\31553d7bb41170a30982ff9dddd5d67e.php 第 122 行.
INFO: Run Behavior\ParseTemplateBehavior [ RunTime:0.097006s ]
INFO: [ view_parse ] --END-- [ RunTime:0.097006s ]
INFO: [ view_filter ] --START--
INFO: Run Behavior\WriteHtmlCacheBehavior [ RunTime:0.001000s ]
INFO: [ view_filter ] --END-- [ RunTime:0.001000s ]
INFO: [ app_end ] --START--
INFO: Run Behavior\ShowPageTraceBehavior [ RunTime:0.002000s ]
INFO: [ app_end ] --END-- [ RunTime:0.002000s ]

[ 2016-09-16T21:58:33+08:00 ] 127.0.0.1 /admin.php?c=menu
INFO: [ app_init ] --START--
INFO: Run Behavior\BuildLiteBehavior [ RunTime:0.001000s ]
INFO: [ app_init ] --END-- [ RunTime:0.001000s ]
INFO: [ app_begin ] --START--
INFO: Run Behavior\ReadHtmlCacheBehavior [ RunTime:0.002001s ]
INFO: [ app_begin ] --END-- [ RunTime:0.002001s ]
NOTIC: [8] Undefined index: p E:\WWW\project\Application\Admin\Controller\MenuController.class.php 第 22 行.
NOTIC: [8] Undefined index: pagesize E:\WWW\project\Application\Admin\Controller\MenuController.class.php 第 23 行.
NOTIC: [2048] Declaration of Common\Model\MenuModel::find() should be compatible with that of Think\Model::find() E:\WWW\project\Application\Common\Model\MenuModel.class.php 第 12 行.
SQL: SHOW COLUMNS FROM `cms_menu` [ RunTime:0.0190s ]
SQL: SELECT * FROM `cms_menu` WHERE `status` <> -1 ORDER BY  listorder desc,menu_id desc LIMIT 0,3   [ RunTime:0.0400s ]
SQL: SELECT COUNT(*) AS tp_count FROM `cms_menu` WHERE `status` <> -1 LIMIT 1   [ RunTime:0.0010s ]
INFO: [ view_parse ] --START--
INFO: [ template_filter ] --START--
INFO: Run Behavior\ContentReplaceBehavior [ RunTime:0.000000s ]
INFO: [ template_filter ] --END-- [ RunTime:0.000000s ]
SQL: SELECT * FROM `cms_menu` WHERE `status` <> -1 AND `type` = 1 ORDER BY listorder desc,menu_id desc  [ RunTime:0.0000s ]
NOTIC: [8] Undefined variable: nav E:\WWW\project\Application\Runtime\Cache\Admin\b956215329b6f9aca22277599a4efdfc.php 第 100 行.
INFO: Run Behavior\ParseTemplateBehavior [ RunTime:0.091005s ]
INFO: [ view_parse ] --END-- [ RunTime:0.091005s ]
INFO: [ view_filter ] --START--
INFO: Run Behavior\WriteHtmlCacheBehavior [ RunTime:0.001000s ]
INFO: [ view_filter ] --END-- [ RunTime:0.002000s ]
INFO: [ app_end ] --START--
INFO: Run Behavior\ShowPageTraceBehavior [ RunTime:0.002000s ]
INFO: [ app_end ] --END-- [ RunTime:0.002000s ]

[ 2016-09-16T21:58:37+08:00 ] 127.0.0.1 /admin.php?c=admin
INFO: [ app_init ] --START--
INFO: Run Behavior\BuildLiteBehavior [ RunTime:0.000000s ]
INFO: [ app_init ] --END-- [ RunTime:0.001000s ]
INFO: [ app_begin ] --START--
INFO: Run Behavior\ReadHtmlCacheBehavior [ RunTime:0.002000s ]
INFO: [ app_begin ] --END-- [ RunTime:0.003000s ]
NOTIC: [2048] Declaration of Admin\Controller\AdminController::setStatus() should be compatible with that of Admin\Controller\CommonController::setStatus() E:\WWW\project\Application\Admin\Controller\AdminController.class.php 第 10 行.
NOTIC: [8] Undefined variable: module E:\WWW\project\ThinkPHP\Common\functions.php 第 997 行.
NOTIC: [8] Undefined variable: var E:\WWW\project\ThinkPHP\Common\functions.php 第 1002 行.
NOTIC: [2] array_reverse() expects parameter 1 to be array, null given E:\WWW\project\ThinkPHP\Common\functions.php 第 1002 行.
NOTIC: [2] http_build_query() [<a href='function.http-build-query'>function.http-build-query</a>]: Parameter 1 expected to be Array or Object.  Incorrect value given E:\WWW\project\ThinkPHP\Common\functions.php 第 1002 行.

[ 2016-09-16T21:58:37+08:00 ] 127.0.0.1 /admin.php?&c=login
INFO: [ app_init ] --START--
INFO: Run Behavior\BuildLiteBehavior [ RunTime:0.000000s ]
INFO: [ app_init ] --END-- [ RunTime:0.001000s ]
INFO: [ app_begin ] --START--
INFO: Run Behavior\ReadHtmlCacheBehavior [ RunTime:0.002000s ]
INFO: [ app_begin ] --END-- [ RunTime:0.002000s ]
INFO: [ view_parse ] --START--
INFO: [ template_filter ] --START--
INFO: Run Behavior\ContentReplaceBehavior [ RunTime:0.000000s ]
INFO: [ template_filter ] --END-- [ RunTime:0.000000s ]
INFO: Run Behavior\ParseTemplateBehavior [ RunTime:0.031002s ]
INFO: [ view_parse ] --END-- [ RunTime:0.031002s ]
INFO: [ view_filter ] --START--
INFO: Run Behavior\WriteHtmlCacheBehavior [ RunTime:0.002000s ]
INFO: [ view_filter ] --END-- [ RunTime:0.002000s ]
INFO: [ app_end ] --START--
INFO: Run Behavior\ShowPageTraceBehavior [ RunTime:0.002000s ]
INFO: [ app_end ] --END-- [ RunTime:0.002000s ]

[ 2016-09-16T21:58:47+08:00 ] 127.0.0.1 /index.php?m=admin&c=login&a=check
INFO: [ app_init ] --START--
INFO: Run Behavior\BuildLiteBehavior [ RunTime:0.000000s ]
INFO: [ app_init ] --END-- [ RunTime:0.001000s ]
INFO: [ app_begin ] --START--
INFO: Run Behavior\ReadHtmlCacheBehavior [ RunTime:0.002000s ]
INFO: [ app_begin ] --END-- [ RunTime:0.002000s ]
SQL: SHOW COLUMNS FROM `cms_admin` [ RunTime:0.0300s ]
SQL: SELECT * FROM `cms_admin` WHERE ( username="admin" ) LIMIT 1   [ RunTime:0.0010s ]
SQL: UPDATE `cms_admin` SET `lastlogintime`='1474034327' WHERE ( admin_id=1 ) [ RunTime:0.0010s ]

[ 2016-09-16T21:58:47+08:00 ] 127.0.0.1 /index.php?m=admin&c=login&a=check
INFO: [ app_init ] --START--
INFO: Run Behavior\BuildLiteBehavior [ RunTime:0.000000s ]
INFO: [ app_init ] --END-- [ RunTime:0.001000s ]
INFO: [ app_begin ] --START--
INFO: Run Behavior\ReadHtmlCacheBehavior [ RunTime:0.002000s ]
INFO: [ app_begin ] --END-- [ RunTime:0.002000s ]
SQL: SHOW COLUMNS FROM `cms_admin` [ RunTime:0.0240s ]
SQL: SELECT * FROM `cms_admin` WHERE ( username="admin" ) LIMIT 1   [ RunTime:0.0010s ]
SQL: UPDATE `cms_admin` SET `lastlogintime`='1474034327' WHERE ( admin_id=1 ) [ RunTime:0.0010s ]

[ 2016-09-16T21:58:49+08:00 ] 127.0.0.1 /index.php?m=admin&c=index
INFO: [ app_init ] --START--
INFO: Run Behavior\BuildLiteBehavior [ RunTime:0.000000s ]
INFO: [ app_init ] --END-- [ RunTime:0.001000s ]
INFO: [ app_begin ] --START--
INFO: Run Behavior\ReadHtmlCacheBehavior [ RunTime:0.002000s ]
INFO: [ app_begin ] --END-- [ RunTime:0.002000s ]
NOTIC: [2048] Declaration of Common\Model\NewsModel::find() should be compatible with that of Think\Model::find() E:\WWW\project\Application\Common\Model\NewsModel.class.php 第 7 行.
SQL: SHOW COLUMNS FROM `cms_news` [ RunTime:0.0360s ]
SQL: SELECT * FROM `cms_news` WHERE `status` = 1 ORDER BY count desc LIMIT 1   [ RunTime:0.0320s ]
NOTIC: [8] Undefined index: title E:\WWW\project\Application\Common\Model\NewsModel.class.php 第 40 行.
NOTIC: [8] Undefined index: catid E:\WWW\project\Application\Common\Model\NewsModel.class.php 第 43 行.
SQL: SELECT COUNT(*) AS tp_count FROM `cms_news` WHERE `status` <> -1 LIMIT 1   [ RunTime:0.0220s ]
NOTIC: [2048] Declaration of Common\Model\PositionModel::find() should be compatible with that of Think\Model::find() E:\WWW\project\Application\Common\Model\PositionModel.class.php 第 70 行.
SQL: SHOW COLUMNS FROM `cms_position` [ RunTime:0.0500s ]
SQL: SELECT COUNT(*) AS tp_count FROM `cms_position` WHERE `status` = 1 LIMIT 1   [ RunTime:0.0010s ]
SQL: SHOW COLUMNS FROM `cms_admin` [ RunTime:0.0080s ]
SQL: SELECT COUNT(*) AS tp_count FROM `cms_admin` WHERE `status` = 1 AND `lastlogintime` > 1473955200 LIMIT 1   [ RunTime:0.0000s ]
INFO: [ view_parse ] --START--
INFO: [ template_filter ] --START--
INFO: Run Behavior\ContentReplaceBehavior [ RunTime:0.000000s ]
INFO: [ template_filter ] --END-- [ RunTime:0.000000s ]
NOTIC: [2048] Declaration of Common\Model\MenuModel::find() should be compatible with that of Think\Model::find() E:\WWW\project\Application\Common\Model\MenuModel.class.php 第 102 行.
SQL: SHOW COLUMNS FROM `cms_menu` [ RunTime:0.0080s ]
SQL: SELECT * FROM `cms_menu` WHERE `status` <> -1 AND `type` = 1 ORDER BY listorder desc,menu_id desc  [ RunTime:0.0010s ]
INFO: Run Behavior\ParseTemplateBehavior [ RunTime:0.067004s ]
INFO: [ view_parse ] --END-- [ RunTime:0.067004s ]
INFO: [ view_filter ] --START--
INFO: Run Behavior\WriteHtmlCacheBehavior [ RunTime:0.002000s ]
INFO: [ view_filter ] --END-- [ RunTime:0.002000s ]
INFO: [ app_end ] --START--
INFO: Run Behavior\ShowPageTraceBehavior [ RunTime:0.002000s ]
INFO: [ app_end ] --END-- [ RunTime:0.003000s ]

[ 2016-09-16T21:58:55+08:00 ] 127.0.0.1 /admin.php?c=menu
INFO: [ app_init ] --START--
INFO: Run Behavior\BuildLiteBehavior [ RunTime:0.000000s ]
INFO: [ app_init ] --END-- [ RunTime:0.001000s ]
INFO: [ app_begin ] --START--
INFO: Run Behavior\ReadHtmlCacheBehavior [ RunTime:0.009001s ]
INFO: [ app_begin ] --END-- [ RunTime:0.009001s ]
NOTIC: [8] Undefined index: p E:\WWW\project\Application\Admin\Controller\MenuController.class.php 第 22 行.
NOTIC: [8] Undefined index: pagesize E:\WWW\project\Application\Admin\Controller\MenuController.class.php 第 23 行.
NOTIC: [2048] Declaration of Common\Model\MenuModel::find() should be compatible with that of Think\Model::find() E:\WWW\project\Application\Common\Model\MenuModel.class.php 第 12 行.
SQL: SHOW COLUMNS FROM `cms_menu` [ RunTime:0.0100s ]
SQL: SELECT * FROM `cms_menu` WHERE `status` <> -1 ORDER BY  listorder desc,menu_id desc LIMIT 0,3   [ RunTime:0.0010s ]
SQL: SELECT COUNT(*) AS tp_count FROM `cms_menu` WHERE `status` <> -1 LIMIT 1   [ RunTime:0.0000s ]
INFO: [ view_parse ] --START--
INFO: [ template_filter ] --START--
INFO: Run Behavior\ContentReplaceBehavior [ RunTime:0.001000s ]
INFO: [ template_filter ] --END-- [ RunTime:0.001000s ]
SQL: SELECT * FROM `cms_menu` WHERE `status` <> -1 AND `type` = 1 ORDER BY listorder desc,menu_id desc  [ RunTime:0.0210s ]
NOTIC: [8] Undefined variable: nav E:\WWW\project\Application\Runtime\Cache\Admin\b956215329b6f9aca22277599a4efdfc.php 第 100 行.
INFO: Run Behavior\ParseTemplateBehavior [ RunTime:0.054003s ]
INFO: [ view_parse ] --END-- [ RunTime:0.054003s ]
INFO: [ view_filter ] --START--
INFO: Run Behavior\WriteHtmlCacheBehavior [ RunTime:0.002000s ]
INFO: [ view_filter ] --END-- [ RunTime:0.002000s ]
INFO: [ app_end ] --START--
INFO: Run Behavior\ShowPageTraceBehavior [ RunTime:0.002000s ]
INFO: [ app_end ] --END-- [ RunTime:0.003000s ]

[ 2016-09-16T22:19:37+08:00 ] 127.0.0.1 /admin.php?c=admin
INFO: [ app_init ] --START--
INFO: Run Behavior\BuildLiteBehavior [ RunTime:0.000000s ]
INFO: [ app_init ] --END-- [ RunTime:0.001000s ]
INFO: [ app_begin ] --START--
INFO: Run Behavior\ReadHtmlCacheBehavior [ RunTime:0.003000s ]
INFO: [ app_begin ] --END-- [ RunTime:0.003000s ]
NOTIC: [2048] Declaration of Admin\Controller\AdminController::setStatus() should be compatible with that of Admin\Controller\CommonController::setStatus() E:\WWW\project\Application\Admin\Controller\AdminController.class.php 第 10 行.
SQL: SHOW COLUMNS FROM `cms_admin` [ RunTime:0.0100s ]
SQL: SELECT * FROM `cms_admin` WHERE `status` <> -1 ORDER BY admin_id desc  [ RunTime:0.0600s ]
INFO: [ view_parse ] --START--
INFO: [ template_filter ] --START--
INFO: Run Behavior\ContentReplaceBehavior [ RunTime:0.000000s ]
INFO: [ template_filter ] --END-- [ RunTime:0.000000s ]
NOTIC: [2048] Declaration of Common\Model\MenuModel::find() should be compatible with that of Think\Model::find() E:\WWW\project\Application\Common\Model\MenuModel.class.php 第 102 行.
SQL: SHOW COLUMNS FROM `cms_menu` [ RunTime:0.0100s ]
SQL: SELECT * FROM `cms_menu` WHERE `status` <> -1 AND `type` = 1 ORDER BY listorder desc,menu_id desc  [ RunTime:0.0020s ]
NOTIC: [8] Undefined variable: nav E:\WWW\project\Application\Runtime\Cache\Admin\b682812e058c4f7cab74d08ab9eabe11.php 第 100 行.
INFO: Run Behavior\ParseTemplateBehavior [ RunTime:0.041002s ]
INFO: [ view_parse ] --END-- [ RunTime:0.041002s ]
INFO: [ view_filter ] --START--
INFO: Run Behavior\WriteHtmlCacheBehavior [ RunTime:0.002000s ]
INFO: [ view_filter ] --END-- [ RunTime:0.002000s ]
INFO: [ app_end ] --START--
INFO: Run Behavior\ShowPageTraceBehavior [ RunTime:0.002000s ]
INFO: [ app_end ] --END-- [ RunTime:0.002000s ]

